<?xml version="1.0" encoding="UTF-8"?>
<trace:TraceModel xmi:version="2.0"
    xmlns:xmi="http://www.omg.org/XMI"
    xmlns:trace="http://www.eclipse.org/gmf/2006/Trace">
  <nodeTraces
      visualID="2021"
      queryText="(let _eClass_:ecore::EClass = modelFacet.metaClass.ecoreClass in _eClass_.ePackage.nsURI = 'http://www.opendds.org/modeling/schemas/OpenDDS/1.0' and _eClass_.name = 'deadlineQosPolicy') and (let _containmentMF_:ecore::EStructuralFeature = modelFacet.containmentMetaFeature.ecoreFeature in (let _eClass_:ecore::EClass = _containmentMF_.eContainingClass in _eClass_.ePackage.nsURI = 'http://www.opendds.org/modeling/schemas/OpenDDS/1.0' and _eClass_.name = 'PolicyLib') and _containmentMF_.name = 'policies')">
    <nodeLabelTraces
        visualID="5021"
        queryText="true"/>
    <nodeLabelTraces
        visualID="5043"
        queryText="true"/>
    <compartmentTraces
        visualID="7001"
        queryText="true"/>
  </nodeTraces>
  <nodeTraces
      visualID="2022"
      queryText="(let _eClass_:ecore::EClass = modelFacet.metaClass.ecoreClass in _eClass_.ePackage.nsURI = 'http://www.opendds.org/modeling/schemas/OpenDDS/1.0' and _eClass_.name = 'destinationOrderQosPolicy') and (let _containmentMF_:ecore::EStructuralFeature = modelFacet.containmentMetaFeature.ecoreFeature in (let _eClass_:ecore::EClass = _containmentMF_.eContainingClass in _eClass_.ePackage.nsURI = 'http://www.opendds.org/modeling/schemas/OpenDDS/1.0' and _eClass_.name = 'PolicyLib') and _containmentMF_.name = 'policies')">
    <nodeLabelTraces
        visualID="5044"
        queryText="true"/>
    <nodeLabelTraces
        visualID="5045"
        queryText="true"/>
    <nodeLabelTraces
        visualID="5086"
        queryText="true"/>
  </nodeTraces>
  <nodeTraces
      visualID="2023"
      queryText="(let _eClass_:ecore::EClass = modelFacet.metaClass.ecoreClass in _eClass_.ePackage.nsURI = 'http://www.opendds.org/modeling/schemas/OpenDDS/1.0' and _eClass_.name = 'dsQosPolicy') and (let _containmentMF_:ecore::EStructuralFeature = modelFacet.containmentMetaFeature.ecoreFeature in (let _eClass_:ecore::EClass = _containmentMF_.eContainingClass in _eClass_.ePackage.nsURI = 'http://www.opendds.org/modeling/schemas/OpenDDS/1.0' and _eClass_.name = 'PolicyLib') and _containmentMF_.name = 'policies')">
    <nodeLabelTraces
        visualID="5046"
        queryText="true"/>
    <nodeLabelTraces
        visualID="5047"
        queryText="true"/>
    <nodeLabelTraces
        visualID="5087"
        queryText="true"/>
    <nodeLabelTraces
        visualID="5088"
        queryText="true"/>
    <nodeLabelTraces
        visualID="5089"
        queryText="true"/>
    <nodeLabelTraces
        visualID="5090"
        queryText="true"/>
    <nodeLabelTraces
        visualID="5091"
        queryText="true"/>
    <compartmentTraces
        visualID="7002"
        queryText="true"/>
  </nodeTraces>
  <nodeTraces
      visualID="2024"
      queryText="(let _eClass_:ecore::EClass = modelFacet.metaClass.ecoreClass in _eClass_.ePackage.nsURI = 'http://www.opendds.org/modeling/schemas/OpenDDS/1.0' and _eClass_.name = 'durabilityQosPolicy') and (let _containmentMF_:ecore::EStructuralFeature = modelFacet.containmentMetaFeature.ecoreFeature in (let _eClass_:ecore::EClass = _containmentMF_.eContainingClass in _eClass_.ePackage.nsURI = 'http://www.opendds.org/modeling/schemas/OpenDDS/1.0' and _eClass_.name = 'PolicyLib') and _containmentMF_.name = 'policies')">
    <nodeLabelTraces
        visualID="5048"
        queryText="true"/>
    <nodeLabelTraces
        visualID="5049"
        queryText="true"/>
    <nodeLabelTraces
        visualID="5092"
        queryText="true"/>
  </nodeTraces>
  <nodeTraces
      visualID="2025"
      queryText="(let _eClass_:ecore::EClass = modelFacet.metaClass.ecoreClass in _eClass_.ePackage.nsURI = 'http://www.opendds.org/modeling/schemas/OpenDDS/1.0' and _eClass_.name = 'efQosPolicy') and (let _containmentMF_:ecore::EStructuralFeature = modelFacet.containmentMetaFeature.ecoreFeature in (let _eClass_:ecore::EClass = _containmentMF_.eContainingClass in _eClass_.ePackage.nsURI = 'http://www.opendds.org/modeling/schemas/OpenDDS/1.0' and _eClass_.name = 'PolicyLib') and _containmentMF_.name = 'policies')">
    <nodeLabelTraces
        visualID="5050"
        queryText="true"/>
    <nodeLabelTraces
        visualID="5051"
        queryText="true"/>
    <nodeLabelTraces
        visualID="5093"
        queryText="true"/>
  </nodeTraces>
  <nodeTraces
      visualID="2026"
      queryText="(let _eClass_:ecore::EClass = modelFacet.metaClass.ecoreClass in _eClass_.ePackage.nsURI = 'http://www.opendds.org/modeling/schemas/OpenDDS/1.0' and _eClass_.name = 'gdQosPolicy') and (let _containmentMF_:ecore::EStructuralFeature = modelFacet.containmentMetaFeature.ecoreFeature in (let _eClass_:ecore::EClass = _containmentMF_.eContainingClass in _eClass_.ePackage.nsURI = 'http://www.opendds.org/modeling/schemas/OpenDDS/1.0' and _eClass_.name = 'PolicyLib') and _containmentMF_.name = 'policies')">
    <nodeLabelTraces
        visualID="5052"
        queryText="true"/>
    <nodeLabelTraces
        visualID="5053"
        queryText="true"/>
    <nodeLabelTraces
        visualID="5094"
        queryText="true"/>
  </nodeTraces>
  <nodeTraces
      visualID="2027"
      queryText="(let _eClass_:ecore::EClass = modelFacet.metaClass.ecoreClass in _eClass_.ePackage.nsURI = 'http://www.opendds.org/modeling/schemas/OpenDDS/1.0' and _eClass_.name = 'historyQosPolicy') and (let _containmentMF_:ecore::EStructuralFeature = modelFacet.containmentMetaFeature.ecoreFeature in (let _eClass_:ecore::EClass = _containmentMF_.eContainingClass in _eClass_.ePackage.nsURI = 'http://www.opendds.org/modeling/schemas/OpenDDS/1.0' and _eClass_.name = 'PolicyLib') and _containmentMF_.name = 'policies')">
    <nodeLabelTraces
        visualID="5054"
        queryText="true"/>
    <nodeLabelTraces
        visualID="5055"
        queryText="true"/>
    <nodeLabelTraces
        visualID="5095"
        queryText="true"/>
    <nodeLabelTraces
        visualID="5096"
        queryText="true"/>
  </nodeTraces>
  <nodeTraces
      visualID="2028"
      queryText="(let _eClass_:ecore::EClass = modelFacet.metaClass.ecoreClass in _eClass_.ePackage.nsURI = 'http://www.opendds.org/modeling/schemas/OpenDDS/1.0' and _eClass_.name = 'lbQosPolicy') and (let _containmentMF_:ecore::EStructuralFeature = modelFacet.containmentMetaFeature.ecoreFeature in (let _eClass_:ecore::EClass = _containmentMF_.eContainingClass in _eClass_.ePackage.nsURI = 'http://www.opendds.org/modeling/schemas/OpenDDS/1.0' and _eClass_.name = 'PolicyLib') and _containmentMF_.name = 'policies')">
    <nodeLabelTraces
        visualID="5056"
        queryText="true"/>
    <nodeLabelTraces
        visualID="5057"
        queryText="true"/>
    <compartmentTraces
        visualID="7003"
        queryText="true"/>
  </nodeTraces>
  <nodeTraces
      visualID="2029"
      queryText="(let _eClass_:ecore::EClass = modelFacet.metaClass.ecoreClass in _eClass_.ePackage.nsURI = 'http://www.opendds.org/modeling/schemas/OpenDDS/1.0' and _eClass_.name = 'lifespanQosPolicy') and (let _containmentMF_:ecore::EStructuralFeature = modelFacet.containmentMetaFeature.ecoreFeature in (let _eClass_:ecore::EClass = _containmentMF_.eContainingClass in _eClass_.ePackage.nsURI = 'http://www.opendds.org/modeling/schemas/OpenDDS/1.0' and _eClass_.name = 'PolicyLib') and _containmentMF_.name = 'policies')">
    <nodeLabelTraces
        visualID="5058"
        queryText="true"/>
    <nodeLabelTraces
        visualID="5059"
        queryText="true"/>
    <compartmentTraces
        visualID="7004"
        queryText="true"/>
  </nodeTraces>
  <nodeTraces
      visualID="2030"
      queryText="(let _eClass_:ecore::EClass = modelFacet.metaClass.ecoreClass in _eClass_.ePackage.nsURI = 'http://www.opendds.org/modeling/schemas/OpenDDS/1.0' and _eClass_.name = 'livelinessQosPolicy') and (let _containmentMF_:ecore::EStructuralFeature = modelFacet.containmentMetaFeature.ecoreFeature in (let _eClass_:ecore::EClass = _containmentMF_.eContainingClass in _eClass_.ePackage.nsURI = 'http://www.opendds.org/modeling/schemas/OpenDDS/1.0' and _eClass_.name = 'PolicyLib') and _containmentMF_.name = 'policies')">
    <nodeLabelTraces
        visualID="5060"
        queryText="true"/>
    <nodeLabelTraces
        visualID="5061"
        queryText="true"/>
    <nodeLabelTraces
        visualID="5097"
        queryText="true"/>
    <compartmentTraces
        visualID="7005"
        queryText="true"/>
  </nodeTraces>
  <nodeTraces
      visualID="2031"
      queryText="(let _eClass_:ecore::EClass = modelFacet.metaClass.ecoreClass in _eClass_.ePackage.nsURI = 'http://www.opendds.org/modeling/schemas/OpenDDS/1.0' and _eClass_.name = 'osQosPolicy') and (let _containmentMF_:ecore::EStructuralFeature = modelFacet.containmentMetaFeature.ecoreFeature in (let _eClass_:ecore::EClass = _containmentMF_.eContainingClass in _eClass_.ePackage.nsURI = 'http://www.opendds.org/modeling/schemas/OpenDDS/1.0' and _eClass_.name = 'PolicyLib') and _containmentMF_.name = 'policies')">
    <nodeLabelTraces
        visualID="5062"
        queryText="true"/>
    <nodeLabelTraces
        visualID="5063"
        queryText="true"/>
    <nodeLabelTraces
        visualID="5098"
        queryText="true"/>
  </nodeTraces>
  <nodeTraces
      visualID="2032"
      queryText="(let _eClass_:ecore::EClass = modelFacet.metaClass.ecoreClass in _eClass_.ePackage.nsURI = 'http://www.opendds.org/modeling/schemas/OpenDDS/1.0' and _eClass_.name = 'ownershipQosPolicy') and (let _containmentMF_:ecore::EStructuralFeature = modelFacet.containmentMetaFeature.ecoreFeature in (let _eClass_:ecore::EClass = _containmentMF_.eContainingClass in _eClass_.ePackage.nsURI = 'http://www.opendds.org/modeling/schemas/OpenDDS/1.0' and _eClass_.name = 'PolicyLib') and _containmentMF_.name = 'policies')">
    <nodeLabelTraces
        visualID="5064"
        queryText="true"/>
    <nodeLabelTraces
        visualID="5065"
        queryText="true"/>
    <nodeLabelTraces
        visualID="5099"
        queryText="true"/>
  </nodeTraces>
  <nodeTraces
      visualID="2033"
      queryText="(let _eClass_:ecore::EClass = modelFacet.metaClass.ecoreClass in _eClass_.ePackage.nsURI = 'http://www.opendds.org/modeling/schemas/OpenDDS/1.0' and _eClass_.name = 'partitionQosPolicy') and (let _containmentMF_:ecore::EStructuralFeature = modelFacet.containmentMetaFeature.ecoreFeature in (let _eClass_:ecore::EClass = _containmentMF_.eContainingClass in _eClass_.ePackage.nsURI = 'http://www.opendds.org/modeling/schemas/OpenDDS/1.0' and _eClass_.name = 'PolicyLib') and _containmentMF_.name = 'policies')">
    <nodeLabelTraces
        visualID="5066"
        queryText="true"/>
    <nodeLabelTraces
        visualID="5067"
        queryText="true"/>
  </nodeTraces>
  <nodeTraces
      visualID="2034"
      queryText="(let _eClass_:ecore::EClass = modelFacet.metaClass.ecoreClass in _eClass_.ePackage.nsURI = 'http://www.opendds.org/modeling/schemas/OpenDDS/1.0' and _eClass_.name = 'presentationQosPolicy') and (let _containmentMF_:ecore::EStructuralFeature = modelFacet.containmentMetaFeature.ecoreFeature in (let _eClass_:ecore::EClass = _containmentMF_.eContainingClass in _eClass_.ePackage.nsURI = 'http://www.opendds.org/modeling/schemas/OpenDDS/1.0' and _eClass_.name = 'PolicyLib') and _containmentMF_.name = 'policies')">
    <nodeLabelTraces
        visualID="5068"
        queryText="true"/>
    <nodeLabelTraces
        visualID="5069"
        queryText="true"/>
    <nodeLabelTraces
        visualID="5100"
        queryText="true"/>
    <nodeLabelTraces
        visualID="5101"
        queryText="true"/>
    <nodeLabelTraces
        visualID="5102"
        queryText="true"/>
  </nodeTraces>
  <nodeTraces
      visualID="2035"
      queryText="(let _eClass_:ecore::EClass = modelFacet.metaClass.ecoreClass in _eClass_.ePackage.nsURI = 'http://www.opendds.org/modeling/schemas/OpenDDS/1.0' and _eClass_.name = 'rdlQosPolicy') and (let _containmentMF_:ecore::EStructuralFeature = modelFacet.containmentMetaFeature.ecoreFeature in (let _eClass_:ecore::EClass = _containmentMF_.eContainingClass in _eClass_.ePackage.nsURI = 'http://www.opendds.org/modeling/schemas/OpenDDS/1.0' and _eClass_.name = 'PolicyLib') and _containmentMF_.name = 'policies')">
    <nodeLabelTraces
        visualID="5070"
        queryText="true"/>
    <nodeLabelTraces
        visualID="5071"
        queryText="true"/>
    <compartmentTraces
        visualID="7007"
        queryText="true"/>
    <compartmentTraces
        visualID="7008"
        queryText="true"/>
  </nodeTraces>
  <nodeTraces
      visualID="2036"
      queryText="(let _eClass_:ecore::EClass = modelFacet.metaClass.ecoreClass in _eClass_.ePackage.nsURI = 'http://www.opendds.org/modeling/schemas/OpenDDS/1.0' and _eClass_.name = 'reliabilityQosPolicy') and (let _containmentMF_:ecore::EStructuralFeature = modelFacet.containmentMetaFeature.ecoreFeature in (let _eClass_:ecore::EClass = _containmentMF_.eContainingClass in _eClass_.ePackage.nsURI = 'http://www.opendds.org/modeling/schemas/OpenDDS/1.0' and _eClass_.name = 'PolicyLib') and _containmentMF_.name = 'policies')">
    <nodeLabelTraces
        visualID="5072"
        queryText="true"/>
    <nodeLabelTraces
        visualID="5073"
        queryText="true"/>
    <nodeLabelTraces
        visualID="5104"
        queryText="true"/>
    <compartmentTraces
        visualID="7006"
        queryText="true"/>
  </nodeTraces>
  <nodeTraces
      visualID="2037"
      queryText="(let _eClass_:ecore::EClass = modelFacet.metaClass.ecoreClass in _eClass_.ePackage.nsURI = 'http://www.opendds.org/modeling/schemas/OpenDDS/1.0' and _eClass_.name = 'rlQosPolicy') and (let _containmentMF_:ecore::EStructuralFeature = modelFacet.containmentMetaFeature.ecoreFeature in (let _eClass_:ecore::EClass = _containmentMF_.eContainingClass in _eClass_.ePackage.nsURI = 'http://www.opendds.org/modeling/schemas/OpenDDS/1.0' and _eClass_.name = 'PolicyLib') and _containmentMF_.name = 'policies')">
    <nodeLabelTraces
        visualID="5074"
        queryText="true"/>
    <nodeLabelTraces
        visualID="5075"
        queryText="true"/>
    <nodeLabelTraces
        visualID="5105"
        queryText="true"/>
    <nodeLabelTraces
        visualID="5106"
        queryText="true"/>
    <nodeLabelTraces
        visualID="5107"
        queryText="true"/>
  </nodeTraces>
  <nodeTraces
      visualID="2038"
      queryText="(let _eClass_:ecore::EClass = modelFacet.metaClass.ecoreClass in _eClass_.ePackage.nsURI = 'http://www.opendds.org/modeling/schemas/OpenDDS/1.0' and _eClass_.name = 'tbfQosPolicy') and (let _containmentMF_:ecore::EStructuralFeature = modelFacet.containmentMetaFeature.ecoreFeature in (let _eClass_:ecore::EClass = _containmentMF_.eContainingClass in _eClass_.ePackage.nsURI = 'http://www.opendds.org/modeling/schemas/OpenDDS/1.0' and _eClass_.name = 'PolicyLib') and _containmentMF_.name = 'policies')">
    <nodeLabelTraces
        visualID="5076"
        queryText="true"/>
    <nodeLabelTraces
        visualID="5077"
        queryText="true"/>
    <compartmentTraces
        visualID="7009"
        queryText="true"/>
  </nodeTraces>
  <nodeTraces
      visualID="2039"
      queryText="(let _eClass_:ecore::EClass = modelFacet.metaClass.ecoreClass in _eClass_.ePackage.nsURI = 'http://www.opendds.org/modeling/schemas/OpenDDS/1.0' and _eClass_.name = 'tdQosPolicy') and (let _containmentMF_:ecore::EStructuralFeature = modelFacet.containmentMetaFeature.ecoreFeature in (let _eClass_:ecore::EClass = _containmentMF_.eContainingClass in _eClass_.ePackage.nsURI = 'http://www.opendds.org/modeling/schemas/OpenDDS/1.0' and _eClass_.name = 'PolicyLib') and _containmentMF_.name = 'policies')">
    <nodeLabelTraces
        visualID="5078"
        queryText="true"/>
    <nodeLabelTraces
        visualID="5079"
        queryText="true"/>
    <nodeLabelTraces
        visualID="5109"
        queryText="true"/>
  </nodeTraces>
  <nodeTraces
      visualID="2040"
      queryText="(let _eClass_:ecore::EClass = modelFacet.metaClass.ecoreClass in _eClass_.ePackage.nsURI = 'http://www.opendds.org/modeling/schemas/OpenDDS/1.0' and _eClass_.name = 'tpQosPolicy') and (let _containmentMF_:ecore::EStructuralFeature = modelFacet.containmentMetaFeature.ecoreFeature in (let _eClass_:ecore::EClass = _containmentMF_.eContainingClass in _eClass_.ePackage.nsURI = 'http://www.opendds.org/modeling/schemas/OpenDDS/1.0' and _eClass_.name = 'PolicyLib') and _containmentMF_.name = 'policies')">
    <nodeLabelTraces
        visualID="5080"
        queryText="true"/>
    <nodeLabelTraces
        visualID="5081"
        queryText="true"/>
    <nodeLabelTraces
        visualID="5110"
        queryText="true"/>
  </nodeTraces>
  <nodeTraces
      visualID="2041"
      queryText="(let _eClass_:ecore::EClass = modelFacet.metaClass.ecoreClass in _eClass_.ePackage.nsURI = 'http://www.opendds.org/modeling/schemas/OpenDDS/1.0' and _eClass_.name = 'udQosPolicy') and (let _containmentMF_:ecore::EStructuralFeature = modelFacet.containmentMetaFeature.ecoreFeature in (let _eClass_:ecore::EClass = _containmentMF_.eContainingClass in _eClass_.ePackage.nsURI = 'http://www.opendds.org/modeling/schemas/OpenDDS/1.0' and _eClass_.name = 'PolicyLib') and _containmentMF_.name = 'policies')">
    <nodeLabelTraces
        visualID="5082"
        queryText="true"/>
    <nodeLabelTraces
        visualID="5083"
        queryText="true"/>
    <nodeLabelTraces
        visualID="5111"
        queryText="true"/>
  </nodeTraces>
  <nodeTraces
      visualID="2042"
      queryText="(let _eClass_:ecore::EClass = modelFacet.metaClass.ecoreClass in _eClass_.ePackage.nsURI = 'http://www.opendds.org/modeling/schemas/OpenDDS/1.0' and _eClass_.name = 'wdlQosPolicy') and (let _containmentMF_:ecore::EStructuralFeature = modelFacet.containmentMetaFeature.ecoreFeature in (let _eClass_:ecore::EClass = _containmentMF_.eContainingClass in _eClass_.ePackage.nsURI = 'http://www.opendds.org/modeling/schemas/OpenDDS/1.0' and _eClass_.name = 'PolicyLib') and _containmentMF_.name = 'policies')">
    <nodeLabelTraces
        visualID="5084"
        queryText="true"/>
    <nodeLabelTraces
        visualID="5085"
        queryText="true"/>
    <nodeLabelTraces
        visualID="5112"
        queryText="true"/>
  </nodeTraces>
  <childNodeTraces
      visualID="3001"
      queryText="(let _eClass_:ecore::EClass = modelFacet.metaClass.ecoreClass in _eClass_.ePackage.nsURI = 'http://www.opendds.org/modeling/schemas/Enumerations/1.0' and _eClass_.name = 'Period') and (let _containmentMF_:ecore::EStructuralFeature = modelFacet.containmentMetaFeature.ecoreFeature in (let _eClass_:ecore::EClass = _containmentMF_.eContainingClass in _eClass_.ePackage.nsURI = 'http://www.opendds.org/modeling/schemas/QoS/1.0' and _eClass_.name = 'DeadlineQosPolicy') and _containmentMF_.name = 'period')">
    <nodeLabelTraces
        visualID="5113"
        queryText="true"/>
    <nodeLabelTraces
        visualID="5114"
        queryText="true"/>
  </childNodeTraces>
  <childNodeTraces
      visualID="3002"
      queryText="(let _eClass_:ecore::EClass = modelFacet.metaClass.ecoreClass in _eClass_.ePackage.nsURI = 'http://www.opendds.org/modeling/schemas/Enumerations/1.0' and _eClass_.name = 'Period') and (let _containmentMF_:ecore::EStructuralFeature = modelFacet.containmentMetaFeature.ecoreFeature in (let _eClass_:ecore::EClass = _containmentMF_.eContainingClass in _eClass_.ePackage.nsURI = 'http://www.opendds.org/modeling/schemas/QoS/1.0' and _eClass_.name = 'DurabilityServiceQosPolicy') and _containmentMF_.name = 'service_cleanup_delay')">
    <nodeLabelTraces
        visualID="5115"
        queryText="true"/>
    <nodeLabelTraces
        visualID="5116"
        queryText="true"/>
  </childNodeTraces>
  <childNodeTraces
      visualID="3003"
      queryText="(let _eClass_:ecore::EClass = modelFacet.metaClass.ecoreClass in _eClass_.ePackage.nsURI = 'http://www.opendds.org/modeling/schemas/Enumerations/1.0' and _eClass_.name = 'Period') and (let _containmentMF_:ecore::EStructuralFeature = modelFacet.containmentMetaFeature.ecoreFeature in (let _eClass_:ecore::EClass = _containmentMF_.eContainingClass in _eClass_.ePackage.nsURI = 'http://www.opendds.org/modeling/schemas/QoS/1.0' and _eClass_.name = 'LatencyBudgetQosPolicy') and _containmentMF_.name = 'duration')">
    <nodeLabelTraces
        visualID="5117"
        queryText="true"/>
    <nodeLabelTraces
        visualID="5118"
        queryText="true"/>
  </childNodeTraces>
  <childNodeTraces
      visualID="3004"
      queryText="(let _eClass_:ecore::EClass = modelFacet.metaClass.ecoreClass in _eClass_.ePackage.nsURI = 'http://www.opendds.org/modeling/schemas/Enumerations/1.0' and _eClass_.name = 'Period') and (let _containmentMF_:ecore::EStructuralFeature = modelFacet.containmentMetaFeature.ecoreFeature in (let _eClass_:ecore::EClass = _containmentMF_.eContainingClass in _eClass_.ePackage.nsURI = 'http://www.opendds.org/modeling/schemas/QoS/1.0' and _eClass_.name = 'LifespanQosPolicy') and _containmentMF_.name = 'duration')">
    <nodeLabelTraces
        visualID="5119"
        queryText="true"/>
    <nodeLabelTraces
        visualID="5120"
        queryText="true"/>
  </childNodeTraces>
  <childNodeTraces
      visualID="3005"
      queryText="(let _eClass_:ecore::EClass = modelFacet.metaClass.ecoreClass in _eClass_.ePackage.nsURI = 'http://www.opendds.org/modeling/schemas/Enumerations/1.0' and _eClass_.name = 'Period') and (let _containmentMF_:ecore::EStructuralFeature = modelFacet.containmentMetaFeature.ecoreFeature in (let _eClass_:ecore::EClass = _containmentMF_.eContainingClass in _eClass_.ePackage.nsURI = 'http://www.opendds.org/modeling/schemas/QoS/1.0' and _eClass_.name = 'LivelinessQosPolicy') and _containmentMF_.name = 'lease_duration')">
    <nodeLabelTraces
        visualID="5121"
        queryText="true"/>
    <nodeLabelTraces
        visualID="5122"
        queryText="true"/>
  </childNodeTraces>
  <childNodeTraces
      visualID="3006"
      queryText="(let _eClass_:ecore::EClass = modelFacet.metaClass.ecoreClass in _eClass_.ePackage.nsURI = 'http://www.opendds.org/modeling/schemas/Enumerations/1.0' and _eClass_.name = 'Period') and (let _containmentMF_:ecore::EStructuralFeature = modelFacet.containmentMetaFeature.ecoreFeature in (let _eClass_:ecore::EClass = _containmentMF_.eContainingClass in _eClass_.ePackage.nsURI = 'http://www.opendds.org/modeling/schemas/QoS/1.0' and _eClass_.name = 'ReliabilityQosPolicy') and _containmentMF_.name = 'max_blocking_time')">
    <nodeLabelTraces
        visualID="5123"
        queryText="true"/>
    <nodeLabelTraces
        visualID="5124"
        queryText="true"/>
  </childNodeTraces>
  <childNodeTraces
      visualID="3007"
      queryText="(let _eClass_:ecore::EClass = modelFacet.metaClass.ecoreClass in _eClass_.ePackage.nsURI = 'http://www.opendds.org/modeling/schemas/Enumerations/1.0' and _eClass_.name = 'Period') and (let _containmentMF_:ecore::EStructuralFeature = modelFacet.containmentMetaFeature.ecoreFeature in (let _eClass_:ecore::EClass = _containmentMF_.eContainingClass in _eClass_.ePackage.nsURI = 'http://www.opendds.org/modeling/schemas/QoS/1.0' and _eClass_.name = 'ReaderDataLifecycleQosPolicy') and _containmentMF_.name = 'autopurge_disposed_samples_delay')">
    <nodeLabelTraces
        visualID="5125"
        queryText="true"/>
    <nodeLabelTraces
        visualID="5126"
        queryText="true"/>
  </childNodeTraces>
  <childNodeTraces
      visualID="3008"
      queryText="(let _eClass_:ecore::EClass = modelFacet.metaClass.ecoreClass in _eClass_.ePackage.nsURI = 'http://www.opendds.org/modeling/schemas/Enumerations/1.0' and _eClass_.name = 'Period') and (let _containmentMF_:ecore::EStructuralFeature = modelFacet.containmentMetaFeature.ecoreFeature in (let _eClass_:ecore::EClass = _containmentMF_.eContainingClass in _eClass_.ePackage.nsURI = 'http://www.opendds.org/modeling/schemas/QoS/1.0' and _eClass_.name = 'ReaderDataLifecycleQosPolicy') and _containmentMF_.name = 'autopurge_nowriter_samples_delay')">
    <nodeLabelTraces
        visualID="5127"
        queryText="true"/>
    <nodeLabelTraces
        visualID="5128"
        queryText="true"/>
  </childNodeTraces>
  <childNodeTraces
      visualID="3009"
      queryText="(let _eClass_:ecore::EClass = modelFacet.metaClass.ecoreClass in _eClass_.ePackage.nsURI = 'http://www.opendds.org/modeling/schemas/Enumerations/1.0' and _eClass_.name = 'Period') and (let _containmentMF_:ecore::EStructuralFeature = modelFacet.containmentMetaFeature.ecoreFeature in (let _eClass_:ecore::EClass = _containmentMF_.eContainingClass in _eClass_.ePackage.nsURI = 'http://www.opendds.org/modeling/schemas/QoS/1.0' and _eClass_.name = 'TimeBasedFilterQosPolicy') and _containmentMF_.name = 'minimum_separation')">
    <nodeLabelTraces
        visualID="5129"
        queryText="true"/>
    <nodeLabelTraces
        visualID="5130"
        queryText="true"/>
  </childNodeTraces>
</trace:TraceModel>
