<?xml version="1.0" encoding="UTF-8"?>
<trace:TraceModel xmi:version="2.0"
    xmlns:xmi="http://www.omg.org/XMI"
    xmlns:trace="http://www.eclipse.org/gmf/2006/Trace">
  <nodeTraces
      visualID="2001"
      queryText="(let _eClass_:ecore::EClass = modelFacet.metaClass.ecoreClass in _eClass_.ePackage.nsURI = 'http://www.opendds.org/modeling/schemas/OpenDDS/1.0' and _eClass_.name = 'domainParticipant') and (let _containmentMF_:ecore::EStructuralFeature = modelFacet.containmentMetaFeature.ecoreFeature in (let _eClass_:ecore::EClass = _containmentMF_.eContainingClass in _eClass_.ePackage.nsURI = 'http://www.opendds.org/modeling/schemas/OpenDDS/1.0' and _eClass_.name = 'DcpsLib') and _containmentMF_.name = 'participants')">
    <nodeLabelTraces
        visualID="5001"
        queryText="true"/>
    <nodeLabelTraces
        visualID="5004"
        queryText="true"/>
    <nodeLabelTraces
        visualID="5274"
        queryText="true"/>
    <compartmentTraces
        visualID="7001"
        queryText="true"/>
    <compartmentTraces
        visualID="7008"
        queryText="true"/>
    <compartmentTraces
        visualID="7011"
        queryText="true"/>
  </nodeTraces>
  <nodeTraces
      visualID="2002"
      queryText="(let _eClass_:ecore::EClass = modelFacet.metaClass.ecoreClass in _eClass_.ePackage.nsURI = 'http://www.opendds.org/modeling/schemas/OpenDDS/1.0' and _eClass_.name = 'domain') and (let _containmentMF_:ecore::EStructuralFeature = modelFacet.containmentMetaFeature.ecoreFeature in (let _eClass_:ecore::EClass = _containmentMF_.eContainingClass in _eClass_.ePackage.nsURI = 'http://www.opendds.org/modeling/schemas/OpenDDS/1.0' and _eClass_.name = 'DcpsLib') and _containmentMF_.name = 'domains')">
    <nodeLabelTraces
        visualID="5002"
        queryText="true"/>
    <nodeLabelTraces
        visualID="5005"
        queryText="true"/>
    <nodeLabelTraces
        visualID="5266"
        queryText="true"/>
  </nodeTraces>
  <nodeTraces
      visualID="2005"
      queryText="(let _eClass_:ecore::EClass = modelFacet.metaClass.ecoreClass in _eClass_.ePackage.nsURI = 'http://www.opendds.org/modeling/schemas/Topics/1.0' and _eClass_.name = 'ContentFilteredTopic') and (let _containmentMF_:ecore::EStructuralFeature = modelFacet.containmentMetaFeature.ecoreFeature in (let _eClass_:ecore::EClass = _containmentMF_.eContainingClass in _eClass_.ePackage.nsURI = 'http://www.opendds.org/modeling/schemas/OpenDDS/1.0' and _eClass_.name = 'DcpsLib') and _containmentMF_.name = 'topicDescriptions')">
    <nodeLabelTraces
        visualID="5260"
        queryText="true"/>
    <nodeLabelTraces
        visualID="5261"
        queryText="true"/>
    <nodeLabelTraces
        visualID="5262"
        queryText="true"/>
  </nodeTraces>
  <nodeTraces
      visualID="2006"
      queryText="(let _eClass_:ecore::EClass = modelFacet.metaClass.ecoreClass in _eClass_.ePackage.nsURI = 'http://www.opendds.org/modeling/schemas/Topics/1.0' and _eClass_.name = 'MultiTopic') and (let _containmentMF_:ecore::EStructuralFeature = modelFacet.containmentMetaFeature.ecoreFeature in (let _eClass_:ecore::EClass = _containmentMF_.eContainingClass in _eClass_.ePackage.nsURI = 'http://www.opendds.org/modeling/schemas/OpenDDS/1.0' and _eClass_.name = 'DcpsLib') and _containmentMF_.name = 'topicDescriptions')">
    <nodeLabelTraces
        visualID="5263"
        queryText="true"/>
    <nodeLabelTraces
        visualID="5264"
        queryText="true"/>
    <nodeLabelTraces
        visualID="5265"
        queryText="true"/>
    <compartmentTraces
        visualID="7049"
        queryText="true"/>
  </nodeTraces>
  <nodeTraces
      visualID="2007"
      queryText="(let _eClass_:ecore::EClass = modelFacet.metaClass.ecoreClass in _eClass_.ePackage.nsURI = 'http://www.opendds.org/modeling/schemas/Topics/1.0' and _eClass_.name = 'Topic') and (let _containmentMF_:ecore::EStructuralFeature = modelFacet.containmentMetaFeature.ecoreFeature in (let _eClass_:ecore::EClass = _containmentMF_.eContainingClass in _eClass_.ePackage.nsURI = 'http://www.opendds.org/modeling/schemas/OpenDDS/1.0' and _eClass_.name = 'DcpsLib') and _containmentMF_.name = 'topicDescriptions')">
    <nodeLabelTraces
        visualID="5267"
        queryText="true"/>
    <nodeLabelTraces
        visualID="5268"
        queryText="true"/>
    <compartmentTraces
        visualID="7050"
        queryText="true"/>
    <compartmentTraces
        visualID="7051"
        queryText="true"/>
    <compartmentTraces
        visualID="7052"
        queryText="true"/>
  </nodeTraces>
  <childNodeTraces
      visualID="3001"
      queryText="(let _eClass_:ecore::EClass = modelFacet.metaClass.ecoreClass in _eClass_.ePackage.nsURI = 'http://www.opendds.org/modeling/schemas/OpenDDS/1.0' and _eClass_.name = 'publisher') and (let _containmentMF_:ecore::EStructuralFeature = modelFacet.containmentMetaFeature.ecoreFeature in (let _eClass_:ecore::EClass = _containmentMF_.eContainingClass in _eClass_.ePackage.nsURI = 'http://www.opendds.org/modeling/schemas/DCPS/1.0' and _eClass_.name = 'DomainParticipant') and _containmentMF_.name = 'publishers')">
    <nodeLabelTraces
        visualID="5006"
        queryText="true"/>
    <nodeLabelTraces
        visualID="5007"
        queryText="true"/>
    <nodeLabelTraces
        visualID="5240"
        queryText="true"/>
    <compartmentTraces
        visualID="7009"
        queryText="true"/>
    <compartmentTraces
        visualID="7012"
        queryText="true"/>
    <compartmentTraces
        visualID="7014"
        queryText="true"/>
  </childNodeTraces>
  <childNodeTraces
      visualID="3002"
      queryText="(let _eClass_:ecore::EClass = modelFacet.metaClass.ecoreClass in _eClass_.ePackage.nsURI = 'http://www.opendds.org/modeling/schemas/OpenDDS/1.0' and _eClass_.name = 'subscriber') and (let _containmentMF_:ecore::EStructuralFeature = modelFacet.containmentMetaFeature.ecoreFeature in (let _eClass_:ecore::EClass = _containmentMF_.eContainingClass in _eClass_.ePackage.nsURI = 'http://www.opendds.org/modeling/schemas/DCPS/1.0' and _eClass_.name = 'DomainParticipant') and _containmentMF_.name = 'subscribers')">
    <nodeLabelTraces
        visualID="5008"
        queryText="true"/>
    <nodeLabelTraces
        visualID="5009"
        queryText="true"/>
    <nodeLabelTraces
        visualID="5241"
        queryText="true"/>
    <compartmentTraces
        visualID="7010"
        queryText="true"/>
    <compartmentTraces
        visualID="7013"
        queryText="true"/>
    <compartmentTraces
        visualID="7029"
        queryText="true"/>
  </childNodeTraces>
  <childNodeTraces
      visualID="3005"
      queryText="(let _eClass_:ecore::EClass = modelFacet.metaClass.ecoreClass in _eClass_.ePackage.nsURI = 'http://www.opendds.org/modeling/schemas/Enumerations/1.0' and _eClass_.name = 'Period') and (let _containmentMF_:ecore::EStructuralFeature = modelFacet.containmentMetaFeature.ecoreFeature in (let _eClass_:ecore::EClass = _containmentMF_.eContainingClass in _eClass_.ePackage.nsURI = 'http://www.opendds.org/modeling/schemas/QoS/1.0' and _eClass_.name = 'DeadlineQosPolicy') and _containmentMF_.name = 'period')">
    <nodeLabelTraces
        visualID="5013"
        queryText="true"/>
    <nodeLabelTraces
        visualID="5014"
        queryText="true"/>
  </childNodeTraces>
  <childNodeTraces
      visualID="3006"
      queryText="(let _eClass_:ecore::EClass = modelFacet.metaClass.ecoreClass in _eClass_.ePackage.nsURI = 'http://www.opendds.org/modeling/schemas/Enumerations/1.0' and _eClass_.name = 'Period') and (let _containmentMF_:ecore::EStructuralFeature = modelFacet.containmentMetaFeature.ecoreFeature in (let _eClass_:ecore::EClass = _containmentMF_.eContainingClass in _eClass_.ePackage.nsURI = 'http://www.opendds.org/modeling/schemas/QoS/1.0' and _eClass_.name = 'DurabilityServiceQosPolicy') and _containmentMF_.name = 'service_cleanup_delay')">
    <nodeLabelTraces
        visualID="5020"
        queryText="true"/>
    <nodeLabelTraces
        visualID="5021"
        queryText="true"/>
  </childNodeTraces>
  <childNodeTraces
      visualID="3007"
      queryText="(let _eClass_:ecore::EClass = modelFacet.metaClass.ecoreClass in _eClass_.ePackage.nsURI = 'http://www.opendds.org/modeling/schemas/Enumerations/1.0' and _eClass_.name = 'Period') and (let _containmentMF_:ecore::EStructuralFeature = modelFacet.containmentMetaFeature.ecoreFeature in (let _eClass_:ecore::EClass = _containmentMF_.eContainingClass in _eClass_.ePackage.nsURI = 'http://www.opendds.org/modeling/schemas/QoS/1.0' and _eClass_.name = 'LatencyBudgetQosPolicy') and _containmentMF_.name = 'duration')">
    <nodeLabelTraces
        visualID="5042"
        queryText="true"/>
    <nodeLabelTraces
        visualID="5043"
        queryText="true"/>
  </childNodeTraces>
  <childNodeTraces
      visualID="3008"
      queryText="(let _eClass_:ecore::EClass = modelFacet.metaClass.ecoreClass in _eClass_.ePackage.nsURI = 'http://www.opendds.org/modeling/schemas/Enumerations/1.0' and _eClass_.name = 'Period') and (let _containmentMF_:ecore::EStructuralFeature = modelFacet.containmentMetaFeature.ecoreFeature in (let _eClass_:ecore::EClass = _containmentMF_.eContainingClass in _eClass_.ePackage.nsURI = 'http://www.opendds.org/modeling/schemas/QoS/1.0' and _eClass_.name = 'LifespanQosPolicy') and _containmentMF_.name = 'duration')">
    <nodeLabelTraces
        visualID="5046"
        queryText="true"/>
    <nodeLabelTraces
        visualID="5047"
        queryText="true"/>
  </childNodeTraces>
  <childNodeTraces
      visualID="3009"
      queryText="(let _eClass_:ecore::EClass = modelFacet.metaClass.ecoreClass in _eClass_.ePackage.nsURI = 'http://www.opendds.org/modeling/schemas/Enumerations/1.0' and _eClass_.name = 'Period') and (let _containmentMF_:ecore::EStructuralFeature = modelFacet.containmentMetaFeature.ecoreFeature in (let _eClass_:ecore::EClass = _containmentMF_.eContainingClass in _eClass_.ePackage.nsURI = 'http://www.opendds.org/modeling/schemas/QoS/1.0' and _eClass_.name = 'LivelinessQosPolicy') and _containmentMF_.name = 'lease_duration')">
    <nodeLabelTraces
        visualID="5050"
        queryText="true"/>
    <nodeLabelTraces
        visualID="5051"
        queryText="true"/>
  </childNodeTraces>
  <childNodeTraces
      visualID="3010"
      queryText="(let _eClass_:ecore::EClass = modelFacet.metaClass.ecoreClass in _eClass_.ePackage.nsURI = 'http://www.opendds.org/modeling/schemas/Enumerations/1.0' and _eClass_.name = 'Period') and (let _containmentMF_:ecore::EStructuralFeature = modelFacet.containmentMetaFeature.ecoreFeature in (let _eClass_:ecore::EClass = _containmentMF_.eContainingClass in _eClass_.ePackage.nsURI = 'http://www.opendds.org/modeling/schemas/QoS/1.0' and _eClass_.name = 'ReliabilityQosPolicy') and _containmentMF_.name = 'max_blocking_time')">
    <nodeLabelTraces
        visualID="5071"
        queryText="true"/>
    <nodeLabelTraces
        visualID="5072"
        queryText="true"/>
  </childNodeTraces>
  <childNodeTraces
      visualID="3012"
      queryText="(let _eClass_:ecore::EClass = modelFacet.metaClass.ecoreClass in _eClass_.ePackage.nsURI = 'http://www.opendds.org/modeling/schemas/OpenDDS/1.0' and _eClass_.name = 'efQosPolicy') and (let _containmentMF_:ecore::EStructuralFeature = modelFacet.containmentMetaFeature.ecoreFeature in (let _eClass_:ecore::EClass = _containmentMF_.eContainingClass in _eClass_.ePackage.nsURI = 'http://www.opendds.org/modeling/schemas/OpenDDS/1.0' and _eClass_.name = 'DcpsLib') and _containmentMF_.name = 'policies')">
    <nodeLabelTraces
        visualID="5099"
        queryText="true"/>
    <nodeLabelTraces
        visualID="5100"
        queryText="true"/>
    <nodeLabelTraces
        visualID="5101"
        queryText="true"/>
  </childNodeTraces>
  <childNodeTraces
      visualID="3013"
      queryText="(let _eClass_:ecore::EClass = modelFacet.metaClass.ecoreClass in _eClass_.ePackage.nsURI = 'http://www.opendds.org/modeling/schemas/OpenDDS/1.0' and _eClass_.name = 'udQosPolicy') and (let _containmentMF_:ecore::EStructuralFeature = modelFacet.containmentMetaFeature.ecoreFeature in (let _eClass_:ecore::EClass = _containmentMF_.eContainingClass in _eClass_.ePackage.nsURI = 'http://www.opendds.org/modeling/schemas/OpenDDS/1.0' and _eClass_.name = 'DcpsLib') and _containmentMF_.name = 'policies')">
    <nodeLabelTraces
        visualID="5102"
        queryText="true"/>
    <nodeLabelTraces
        visualID="5103"
        queryText="true"/>
    <nodeLabelTraces
        visualID="5104"
        queryText="true"/>
  </childNodeTraces>
  <childNodeTraces
      visualID="3014"
      queryText="(let _eClass_:ecore::EClass = modelFacet.metaClass.ecoreClass in _eClass_.ePackage.nsURI = 'http://www.opendds.org/modeling/schemas/OpenDDS/1.0' and _eClass_.name = 'gdQosPolicy') and (let _containmentMF_:ecore::EStructuralFeature = modelFacet.containmentMetaFeature.ecoreFeature in (let _eClass_:ecore::EClass = _containmentMF_.eContainingClass in _eClass_.ePackage.nsURI = 'http://www.opendds.org/modeling/schemas/OpenDDS/1.0' and _eClass_.name = 'DcpsLib') and _containmentMF_.name = 'policies')">
    <nodeLabelTraces
        visualID="5105"
        queryText="true"/>
    <nodeLabelTraces
        visualID="5106"
        queryText="true"/>
    <nodeLabelTraces
        visualID="5107"
        queryText="true"/>
  </childNodeTraces>
  <childNodeTraces
      visualID="3015"
      queryText="(let _eClass_:ecore::EClass = modelFacet.metaClass.ecoreClass in _eClass_.ePackage.nsURI = 'http://www.opendds.org/modeling/schemas/OpenDDS/1.0' and _eClass_.name = 'partitionQosPolicy') and (let _containmentMF_:ecore::EStructuralFeature = modelFacet.containmentMetaFeature.ecoreFeature in (let _eClass_:ecore::EClass = _containmentMF_.eContainingClass in _eClass_.ePackage.nsURI = 'http://www.opendds.org/modeling/schemas/OpenDDS/1.0' and _eClass_.name = 'DcpsLib') and _containmentMF_.name = 'policies')">
    <nodeLabelTraces
        visualID="5108"
        queryText="true"/>
    <nodeLabelTraces
        visualID="5109"
        queryText="true"/>
  </childNodeTraces>
  <childNodeTraces
      visualID="3016"
      queryText="(let _eClass_:ecore::EClass = modelFacet.metaClass.ecoreClass in _eClass_.ePackage.nsURI = 'http://www.opendds.org/modeling/schemas/OpenDDS/1.0' and _eClass_.name = 'presentationQosPolicy') and (let _containmentMF_:ecore::EStructuralFeature = modelFacet.containmentMetaFeature.ecoreFeature in (let _eClass_:ecore::EClass = _containmentMF_.eContainingClass in _eClass_.ePackage.nsURI = 'http://www.opendds.org/modeling/schemas/OpenDDS/1.0' and _eClass_.name = 'DcpsLib') and _containmentMF_.name = 'policies')">
    <nodeLabelTraces
        visualID="5110"
        queryText="true"/>
    <nodeLabelTraces
        visualID="5111"
        queryText="true"/>
    <nodeLabelTraces
        visualID="5112"
        queryText="true"/>
    <nodeLabelTraces
        visualID="5113"
        queryText="true"/>
    <nodeLabelTraces
        visualID="5114"
        queryText="true"/>
  </childNodeTraces>
  <childNodeTraces
      visualID="3017"
      queryText="(let _eClass_:ecore::EClass = modelFacet.metaClass.ecoreClass in _eClass_.ePackage.nsURI = 'http://www.opendds.org/modeling/schemas/OpenDDS/1.0' and _eClass_.name = 'efQosPolicy') and (let _containmentMF_:ecore::EStructuralFeature = modelFacet.containmentMetaFeature.ecoreFeature in (let _eClass_:ecore::EClass = _containmentMF_.eContainingClass in _eClass_.ePackage.nsURI = 'http://www.opendds.org/modeling/schemas/OpenDDS/1.0' and _eClass_.name = 'PolicyLib') and _containmentMF_.name = 'policies')">
    <nodeLabelTraces
        visualID="5115"
        queryText="true"/>
    <nodeLabelTraces
        visualID="5116"
        queryText="true"/>
    <nodeLabelTraces
        visualID="5117"
        queryText="true"/>
  </childNodeTraces>
  <childNodeTraces
      visualID="3018"
      queryText="(let _eClass_:ecore::EClass = modelFacet.metaClass.ecoreClass in _eClass_.ePackage.nsURI = 'http://www.opendds.org/modeling/schemas/OpenDDS/1.0' and _eClass_.name = 'gdQosPolicy') and (let _containmentMF_:ecore::EStructuralFeature = modelFacet.containmentMetaFeature.ecoreFeature in (let _eClass_:ecore::EClass = _containmentMF_.eContainingClass in _eClass_.ePackage.nsURI = 'http://www.opendds.org/modeling/schemas/OpenDDS/1.0' and _eClass_.name = 'PolicyLib') and _containmentMF_.name = 'policies')">
    <nodeLabelTraces
        visualID="5118"
        queryText="true"/>
    <nodeLabelTraces
        visualID="5119"
        queryText="true"/>
    <nodeLabelTraces
        visualID="5120"
        queryText="true"/>
  </childNodeTraces>
  <childNodeTraces
      visualID="3019"
      queryText="(let _eClass_:ecore::EClass = modelFacet.metaClass.ecoreClass in _eClass_.ePackage.nsURI = 'http://www.opendds.org/modeling/schemas/OpenDDS/1.0' and _eClass_.name = 'partitionQosPolicy') and (let _containmentMF_:ecore::EStructuralFeature = modelFacet.containmentMetaFeature.ecoreFeature in (let _eClass_:ecore::EClass = _containmentMF_.eContainingClass in _eClass_.ePackage.nsURI = 'http://www.opendds.org/modeling/schemas/OpenDDS/1.0' and _eClass_.name = 'PolicyLib') and _containmentMF_.name = 'policies')">
    <nodeLabelTraces
        visualID="5121"
        queryText="true"/>
    <nodeLabelTraces
        visualID="5122"
        queryText="true"/>
  </childNodeTraces>
  <childNodeTraces
      visualID="3020"
      queryText="(let _eClass_:ecore::EClass = modelFacet.metaClass.ecoreClass in _eClass_.ePackage.nsURI = 'http://www.opendds.org/modeling/schemas/OpenDDS/1.0' and _eClass_.name = 'presentationQosPolicy') and (let _containmentMF_:ecore::EStructuralFeature = modelFacet.containmentMetaFeature.ecoreFeature in (let _eClass_:ecore::EClass = _containmentMF_.eContainingClass in _eClass_.ePackage.nsURI = 'http://www.opendds.org/modeling/schemas/OpenDDS/1.0' and _eClass_.name = 'PolicyLib') and _containmentMF_.name = 'policies')">
    <nodeLabelTraces
        visualID="5123"
        queryText="true"/>
    <nodeLabelTraces
        visualID="5124"
        queryText="true"/>
    <nodeLabelTraces
        visualID="5125"
        queryText="true"/>
    <nodeLabelTraces
        visualID="5126"
        queryText="true"/>
    <nodeLabelTraces
        visualID="5127"
        queryText="true"/>
  </childNodeTraces>
  <childNodeTraces
      visualID="3021"
      queryText="(let _eClass_:ecore::EClass = modelFacet.metaClass.ecoreClass in _eClass_.ePackage.nsURI = 'http://www.opendds.org/modeling/schemas/OpenDDS/1.0' and _eClass_.name = 'udQosPolicy') and (let _containmentMF_:ecore::EStructuralFeature = modelFacet.containmentMetaFeature.ecoreFeature in (let _eClass_:ecore::EClass = _containmentMF_.eContainingClass in _eClass_.ePackage.nsURI = 'http://www.opendds.org/modeling/schemas/OpenDDS/1.0' and _eClass_.name = 'PolicyLib') and _containmentMF_.name = 'policies')">
    <nodeLabelTraces
        visualID="5128"
        queryText="true"/>
    <nodeLabelTraces
        visualID="5129"
        queryText="true"/>
    <nodeLabelTraces
        visualID="5130"
        queryText="true"/>
  </childNodeTraces>
  <childNodeTraces
      visualID="3022"
      queryText="(let _eClass_:ecore::EClass = modelFacet.metaClass.ecoreClass in _eClass_.ePackage.nsURI = 'http://www.opendds.org/modeling/schemas/OpenDDS/1.0' and _eClass_.name = 'deadlineQosPolicy') and (let _containmentMF_:ecore::EStructuralFeature = modelFacet.containmentMetaFeature.ecoreFeature in (let _eClass_:ecore::EClass = _containmentMF_.eContainingClass in _eClass_.ePackage.nsURI = 'http://www.opendds.org/modeling/schemas/OpenDDS/1.0' and _eClass_.name = 'DcpsLib') and _containmentMF_.name = 'policies')">
    <nodeLabelTraces
        visualID="5132"
        queryText="true"/>
    <nodeLabelTraces
        visualID="5133"
        queryText="true"/>
    <compartmentTraces
        visualID="7017"
        queryText="true"/>
  </childNodeTraces>
  <childNodeTraces
      visualID="3023"
      queryText="(let _eClass_:ecore::EClass = modelFacet.metaClass.ecoreClass in _eClass_.ePackage.nsURI = 'http://www.opendds.org/modeling/schemas/OpenDDS/1.0' and _eClass_.name = 'destinationOrderQosPolicy') and (let _containmentMF_:ecore::EStructuralFeature = modelFacet.containmentMetaFeature.ecoreFeature in (let _eClass_:ecore::EClass = _containmentMF_.eContainingClass in _eClass_.ePackage.nsURI = 'http://www.opendds.org/modeling/schemas/OpenDDS/1.0' and _eClass_.name = 'DcpsLib') and _containmentMF_.name = 'policies')">
    <nodeLabelTraces
        visualID="5134"
        queryText="true"/>
    <nodeLabelTraces
        visualID="5135"
        queryText="true"/>
    <nodeLabelTraces
        visualID="5136"
        queryText="true"/>
  </childNodeTraces>
  <childNodeTraces
      visualID="3024"
      queryText="(let _eClass_:ecore::EClass = modelFacet.metaClass.ecoreClass in _eClass_.ePackage.nsURI = 'http://www.opendds.org/modeling/schemas/OpenDDS/1.0' and _eClass_.name = 'dsQosPolicy') and (let _containmentMF_:ecore::EStructuralFeature = modelFacet.containmentMetaFeature.ecoreFeature in (let _eClass_:ecore::EClass = _containmentMF_.eContainingClass in _eClass_.ePackage.nsURI = 'http://www.opendds.org/modeling/schemas/OpenDDS/1.0' and _eClass_.name = 'DcpsLib') and _containmentMF_.name = 'policies')">
    <nodeLabelTraces
        visualID="5137"
        queryText="true"/>
    <nodeLabelTraces
        visualID="5138"
        queryText="true"/>
    <nodeLabelTraces
        visualID="5139"
        queryText="true"/>
    <nodeLabelTraces
        visualID="5140"
        queryText="true"/>
    <nodeLabelTraces
        visualID="5141"
        queryText="true"/>
    <nodeLabelTraces
        visualID="5142"
        queryText="true"/>
    <nodeLabelTraces
        visualID="5143"
        queryText="true"/>
    <compartmentTraces
        visualID="7018"
        queryText="true"/>
  </childNodeTraces>
  <childNodeTraces
      visualID="3025"
      queryText="(let _eClass_:ecore::EClass = modelFacet.metaClass.ecoreClass in _eClass_.ePackage.nsURI = 'http://www.opendds.org/modeling/schemas/OpenDDS/1.0' and _eClass_.name = 'historyQosPolicy') and (let _containmentMF_:ecore::EStructuralFeature = modelFacet.containmentMetaFeature.ecoreFeature in (let _eClass_:ecore::EClass = _containmentMF_.eContainingClass in _eClass_.ePackage.nsURI = 'http://www.opendds.org/modeling/schemas/OpenDDS/1.0' and _eClass_.name = 'DcpsLib') and _containmentMF_.name = 'policies')">
    <nodeLabelTraces
        visualID="5144"
        queryText="true"/>
    <nodeLabelTraces
        visualID="5145"
        queryText="true"/>
    <nodeLabelTraces
        visualID="5146"
        queryText="true"/>
    <nodeLabelTraces
        visualID="5147"
        queryText="true"/>
  </childNodeTraces>
  <childNodeTraces
      visualID="3026"
      queryText="(let _eClass_:ecore::EClass = modelFacet.metaClass.ecoreClass in _eClass_.ePackage.nsURI = 'http://www.opendds.org/modeling/schemas/OpenDDS/1.0' and _eClass_.name = 'lbQosPolicy') and (let _containmentMF_:ecore::EStructuralFeature = modelFacet.containmentMetaFeature.ecoreFeature in (let _eClass_:ecore::EClass = _containmentMF_.eContainingClass in _eClass_.ePackage.nsURI = 'http://www.opendds.org/modeling/schemas/OpenDDS/1.0' and _eClass_.name = 'DcpsLib') and _containmentMF_.name = 'policies')">
    <nodeLabelTraces
        visualID="5148"
        queryText="true"/>
    <nodeLabelTraces
        visualID="5149"
        queryText="true"/>
    <compartmentTraces
        visualID="7019"
        queryText="true"/>
  </childNodeTraces>
  <childNodeTraces
      visualID="3027"
      queryText="(let _eClass_:ecore::EClass = modelFacet.metaClass.ecoreClass in _eClass_.ePackage.nsURI = 'http://www.opendds.org/modeling/schemas/OpenDDS/1.0' and _eClass_.name = 'lifespanQosPolicy') and (let _containmentMF_:ecore::EStructuralFeature = modelFacet.containmentMetaFeature.ecoreFeature in (let _eClass_:ecore::EClass = _containmentMF_.eContainingClass in _eClass_.ePackage.nsURI = 'http://www.opendds.org/modeling/schemas/OpenDDS/1.0' and _eClass_.name = 'DcpsLib') and _containmentMF_.name = 'policies')">
    <nodeLabelTraces
        visualID="5150"
        queryText="true"/>
    <nodeLabelTraces
        visualID="5151"
        queryText="true"/>
    <compartmentTraces
        visualID="7020"
        queryText="true"/>
  </childNodeTraces>
  <childNodeTraces
      visualID="3028"
      queryText="(let _eClass_:ecore::EClass = modelFacet.metaClass.ecoreClass in _eClass_.ePackage.nsURI = 'http://www.opendds.org/modeling/schemas/OpenDDS/1.0' and _eClass_.name = 'livelinessQosPolicy') and (let _containmentMF_:ecore::EStructuralFeature = modelFacet.containmentMetaFeature.ecoreFeature in (let _eClass_:ecore::EClass = _containmentMF_.eContainingClass in _eClass_.ePackage.nsURI = 'http://www.opendds.org/modeling/schemas/OpenDDS/1.0' and _eClass_.name = 'DcpsLib') and _containmentMF_.name = 'policies')">
    <nodeLabelTraces
        visualID="5152"
        queryText="true"/>
    <nodeLabelTraces
        visualID="5153"
        queryText="true"/>
    <nodeLabelTraces
        visualID="5154"
        queryText="true"/>
    <compartmentTraces
        visualID="7021"
        queryText="true"/>
  </childNodeTraces>
  <childNodeTraces
      visualID="3029"
      queryText="(let _eClass_:ecore::EClass = modelFacet.metaClass.ecoreClass in _eClass_.ePackage.nsURI = 'http://www.opendds.org/modeling/schemas/OpenDDS/1.0' and _eClass_.name = 'osQosPolicy') and (let _containmentMF_:ecore::EStructuralFeature = modelFacet.containmentMetaFeature.ecoreFeature in (let _eClass_:ecore::EClass = _containmentMF_.eContainingClass in _eClass_.ePackage.nsURI = 'http://www.opendds.org/modeling/schemas/OpenDDS/1.0' and _eClass_.name = 'DcpsLib') and _containmentMF_.name = 'policies')">
    <nodeLabelTraces
        visualID="5155"
        queryText="true"/>
    <nodeLabelTraces
        visualID="5156"
        queryText="true"/>
    <nodeLabelTraces
        visualID="5157"
        queryText="true"/>
  </childNodeTraces>
  <childNodeTraces
      visualID="3030"
      queryText="(let _eClass_:ecore::EClass = modelFacet.metaClass.ecoreClass in _eClass_.ePackage.nsURI = 'http://www.opendds.org/modeling/schemas/OpenDDS/1.0' and _eClass_.name = 'ownershipQosPolicy') and (let _containmentMF_:ecore::EStructuralFeature = modelFacet.containmentMetaFeature.ecoreFeature in (let _eClass_:ecore::EClass = _containmentMF_.eContainingClass in _eClass_.ePackage.nsURI = 'http://www.opendds.org/modeling/schemas/OpenDDS/1.0' and _eClass_.name = 'DcpsLib') and _containmentMF_.name = 'policies')">
    <nodeLabelTraces
        visualID="5158"
        queryText="true"/>
    <nodeLabelTraces
        visualID="5159"
        queryText="true"/>
    <nodeLabelTraces
        visualID="5160"
        queryText="true"/>
  </childNodeTraces>
  <childNodeTraces
      visualID="3031"
      queryText="(let _eClass_:ecore::EClass = modelFacet.metaClass.ecoreClass in _eClass_.ePackage.nsURI = 'http://www.opendds.org/modeling/schemas/OpenDDS/1.0' and _eClass_.name = 'reliabilityQosPolicy') and (let _containmentMF_:ecore::EStructuralFeature = modelFacet.containmentMetaFeature.ecoreFeature in (let _eClass_:ecore::EClass = _containmentMF_.eContainingClass in _eClass_.ePackage.nsURI = 'http://www.opendds.org/modeling/schemas/OpenDDS/1.0' and _eClass_.name = 'DcpsLib') and _containmentMF_.name = 'policies')">
    <nodeLabelTraces
        visualID="5161"
        queryText="true"/>
    <nodeLabelTraces
        visualID="5162"
        queryText="true"/>
    <nodeLabelTraces
        visualID="5163"
        queryText="true"/>
    <compartmentTraces
        visualID="7022"
        queryText="true"/>
  </childNodeTraces>
  <childNodeTraces
      visualID="3032"
      queryText="(let _eClass_:ecore::EClass = modelFacet.metaClass.ecoreClass in _eClass_.ePackage.nsURI = 'http://www.opendds.org/modeling/schemas/OpenDDS/1.0' and _eClass_.name = 'rlQosPolicy') and (let _containmentMF_:ecore::EStructuralFeature = modelFacet.containmentMetaFeature.ecoreFeature in (let _eClass_:ecore::EClass = _containmentMF_.eContainingClass in _eClass_.ePackage.nsURI = 'http://www.opendds.org/modeling/schemas/OpenDDS/1.0' and _eClass_.name = 'DcpsLib') and _containmentMF_.name = 'policies')">
    <nodeLabelTraces
        visualID="5164"
        queryText="true"/>
    <nodeLabelTraces
        visualID="5165"
        queryText="true"/>
    <nodeLabelTraces
        visualID="5166"
        queryText="true"/>
    <nodeLabelTraces
        visualID="5167"
        queryText="true"/>
    <nodeLabelTraces
        visualID="5168"
        queryText="true"/>
  </childNodeTraces>
  <childNodeTraces
      visualID="3033"
      queryText="(let _eClass_:ecore::EClass = modelFacet.metaClass.ecoreClass in _eClass_.ePackage.nsURI = 'http://www.opendds.org/modeling/schemas/OpenDDS/1.0' and _eClass_.name = 'tpQosPolicy') and (let _containmentMF_:ecore::EStructuralFeature = modelFacet.containmentMetaFeature.ecoreFeature in (let _eClass_:ecore::EClass = _containmentMF_.eContainingClass in _eClass_.ePackage.nsURI = 'http://www.opendds.org/modeling/schemas/OpenDDS/1.0' and _eClass_.name = 'DcpsLib') and _containmentMF_.name = 'policies')">
    <nodeLabelTraces
        visualID="5169"
        queryText="true"/>
    <nodeLabelTraces
        visualID="5170"
        queryText="true"/>
    <nodeLabelTraces
        visualID="5171"
        queryText="true"/>
  </childNodeTraces>
  <childNodeTraces
      visualID="3034"
      queryText="(let _eClass_:ecore::EClass = modelFacet.metaClass.ecoreClass in _eClass_.ePackage.nsURI = 'http://www.opendds.org/modeling/schemas/OpenDDS/1.0' and _eClass_.name = 'wdlQosPolicy') and (let _containmentMF_:ecore::EStructuralFeature = modelFacet.containmentMetaFeature.ecoreFeature in (let _eClass_:ecore::EClass = _containmentMF_.eContainingClass in _eClass_.ePackage.nsURI = 'http://www.opendds.org/modeling/schemas/OpenDDS/1.0' and _eClass_.name = 'DcpsLib') and _containmentMF_.name = 'policies')">
    <nodeLabelTraces
        visualID="5172"
        queryText="true"/>
    <nodeLabelTraces
        visualID="5173"
        queryText="true"/>
    <nodeLabelTraces
        visualID="5174"
        queryText="true"/>
  </childNodeTraces>
  <childNodeTraces
      visualID="3035"
      queryText="(let _eClass_:ecore::EClass = modelFacet.metaClass.ecoreClass in _eClass_.ePackage.nsURI = 'http://www.opendds.org/modeling/schemas/OpenDDS/1.0' and _eClass_.name = 'durabilityQosPolicy') and (let _containmentMF_:ecore::EStructuralFeature = modelFacet.containmentMetaFeature.ecoreFeature in (let _eClass_:ecore::EClass = _containmentMF_.eContainingClass in _eClass_.ePackage.nsURI = 'http://www.opendds.org/modeling/schemas/OpenDDS/1.0' and _eClass_.name = 'DcpsLib') and _containmentMF_.name = 'policies')">
    <nodeLabelTraces
        visualID="5175"
        queryText="true"/>
    <nodeLabelTraces
        visualID="5176"
        queryText="true"/>
    <nodeLabelTraces
        visualID="5177"
        queryText="true"/>
  </childNodeTraces>
  <childNodeTraces
      visualID="3036"
      queryText="(let _eClass_:ecore::EClass = modelFacet.metaClass.ecoreClass in _eClass_.ePackage.nsURI = 'http://www.opendds.org/modeling/schemas/OpenDDS/1.0' and _eClass_.name = 'deadlineQosPolicy') and (let _containmentMF_:ecore::EStructuralFeature = modelFacet.containmentMetaFeature.ecoreFeature in (let _eClass_:ecore::EClass = _containmentMF_.eContainingClass in _eClass_.ePackage.nsURI = 'http://www.opendds.org/modeling/schemas/OpenDDS/1.0' and _eClass_.name = 'PolicyLib') and _containmentMF_.name = 'policies')">
    <nodeLabelTraces
        visualID="5178"
        queryText="true"/>
    <nodeLabelTraces
        visualID="5179"
        queryText="true"/>
    <compartmentTraces
        visualID="7023"
        queryText="true"/>
  </childNodeTraces>
  <childNodeTraces
      visualID="3037"
      queryText="(let _eClass_:ecore::EClass = modelFacet.metaClass.ecoreClass in _eClass_.ePackage.nsURI = 'http://www.opendds.org/modeling/schemas/OpenDDS/1.0' and _eClass_.name = 'destinationOrderQosPolicy') and (let _containmentMF_:ecore::EStructuralFeature = modelFacet.containmentMetaFeature.ecoreFeature in (let _eClass_:ecore::EClass = _containmentMF_.eContainingClass in _eClass_.ePackage.nsURI = 'http://www.opendds.org/modeling/schemas/OpenDDS/1.0' and _eClass_.name = 'PolicyLib') and _containmentMF_.name = 'policies')">
    <nodeLabelTraces
        visualID="5180"
        queryText="true"/>
    <nodeLabelTraces
        visualID="5181"
        queryText="true"/>
    <nodeLabelTraces
        visualID="5182"
        queryText="true"/>
  </childNodeTraces>
  <childNodeTraces
      visualID="3038"
      queryText="(let _eClass_:ecore::EClass = modelFacet.metaClass.ecoreClass in _eClass_.ePackage.nsURI = 'http://www.opendds.org/modeling/schemas/OpenDDS/1.0' and _eClass_.name = 'dsQosPolicy') and (let _containmentMF_:ecore::EStructuralFeature = modelFacet.containmentMetaFeature.ecoreFeature in (let _eClass_:ecore::EClass = _containmentMF_.eContainingClass in _eClass_.ePackage.nsURI = 'http://www.opendds.org/modeling/schemas/OpenDDS/1.0' and _eClass_.name = 'PolicyLib') and _containmentMF_.name = 'policies')">
    <nodeLabelTraces
        visualID="5183"
        queryText="true"/>
    <nodeLabelTraces
        visualID="5184"
        queryText="true"/>
    <nodeLabelTraces
        visualID="5185"
        queryText="true"/>
    <nodeLabelTraces
        visualID="5186"
        queryText="true"/>
    <nodeLabelTraces
        visualID="5187"
        queryText="true"/>
    <nodeLabelTraces
        visualID="5188"
        queryText="true"/>
    <nodeLabelTraces
        visualID="5189"
        queryText="true"/>
    <compartmentTraces
        visualID="7024"
        queryText="true"/>
  </childNodeTraces>
  <childNodeTraces
      visualID="3039"
      queryText="(let _eClass_:ecore::EClass = modelFacet.metaClass.ecoreClass in _eClass_.ePackage.nsURI = 'http://www.opendds.org/modeling/schemas/OpenDDS/1.0' and _eClass_.name = 'durabilityQosPolicy') and (let _containmentMF_:ecore::EStructuralFeature = modelFacet.containmentMetaFeature.ecoreFeature in (let _eClass_:ecore::EClass = _containmentMF_.eContainingClass in _eClass_.ePackage.nsURI = 'http://www.opendds.org/modeling/schemas/OpenDDS/1.0' and _eClass_.name = 'PolicyLib') and _containmentMF_.name = 'policies')">
    <nodeLabelTraces
        visualID="5190"
        queryText="true"/>
    <nodeLabelTraces
        visualID="5191"
        queryText="true"/>
    <nodeLabelTraces
        visualID="5192"
        queryText="true"/>
  </childNodeTraces>
  <childNodeTraces
      visualID="3040"
      queryText="(let _eClass_:ecore::EClass = modelFacet.metaClass.ecoreClass in _eClass_.ePackage.nsURI = 'http://www.opendds.org/modeling/schemas/OpenDDS/1.0' and _eClass_.name = 'historyQosPolicy') and (let _containmentMF_:ecore::EStructuralFeature = modelFacet.containmentMetaFeature.ecoreFeature in (let _eClass_:ecore::EClass = _containmentMF_.eContainingClass in _eClass_.ePackage.nsURI = 'http://www.opendds.org/modeling/schemas/OpenDDS/1.0' and _eClass_.name = 'PolicyLib') and _containmentMF_.name = 'policies')">
    <nodeLabelTraces
        visualID="5193"
        queryText="true"/>
    <nodeLabelTraces
        visualID="5194"
        queryText="true"/>
    <nodeLabelTraces
        visualID="5195"
        queryText="true"/>
    <nodeLabelTraces
        visualID="5196"
        queryText="true"/>
  </childNodeTraces>
  <childNodeTraces
      visualID="3041"
      queryText="(let _eClass_:ecore::EClass = modelFacet.metaClass.ecoreClass in _eClass_.ePackage.nsURI = 'http://www.opendds.org/modeling/schemas/OpenDDS/1.0' and _eClass_.name = 'lbQosPolicy') and (let _containmentMF_:ecore::EStructuralFeature = modelFacet.containmentMetaFeature.ecoreFeature in (let _eClass_:ecore::EClass = _containmentMF_.eContainingClass in _eClass_.ePackage.nsURI = 'http://www.opendds.org/modeling/schemas/OpenDDS/1.0' and _eClass_.name = 'PolicyLib') and _containmentMF_.name = 'policies')">
    <nodeLabelTraces
        visualID="5197"
        queryText="true"/>
    <nodeLabelTraces
        visualID="5198"
        queryText="true"/>
    <compartmentTraces
        visualID="7025"
        queryText="true"/>
  </childNodeTraces>
  <childNodeTraces
      visualID="3042"
      queryText="(let _eClass_:ecore::EClass = modelFacet.metaClass.ecoreClass in _eClass_.ePackage.nsURI = 'http://www.opendds.org/modeling/schemas/OpenDDS/1.0' and _eClass_.name = 'lifespanQosPolicy') and (let _containmentMF_:ecore::EStructuralFeature = modelFacet.containmentMetaFeature.ecoreFeature in (let _eClass_:ecore::EClass = _containmentMF_.eContainingClass in _eClass_.ePackage.nsURI = 'http://www.opendds.org/modeling/schemas/OpenDDS/1.0' and _eClass_.name = 'PolicyLib') and _containmentMF_.name = 'policies')">
    <nodeLabelTraces
        visualID="5199"
        queryText="true"/>
    <nodeLabelTraces
        visualID="5200"
        queryText="true"/>
    <compartmentTraces
        visualID="7026"
        queryText="true"/>
  </childNodeTraces>
  <childNodeTraces
      visualID="3043"
      queryText="(let _eClass_:ecore::EClass = modelFacet.metaClass.ecoreClass in _eClass_.ePackage.nsURI = 'http://www.opendds.org/modeling/schemas/OpenDDS/1.0' and _eClass_.name = 'livelinessQosPolicy') and (let _containmentMF_:ecore::EStructuralFeature = modelFacet.containmentMetaFeature.ecoreFeature in (let _eClass_:ecore::EClass = _containmentMF_.eContainingClass in _eClass_.ePackage.nsURI = 'http://www.opendds.org/modeling/schemas/OpenDDS/1.0' and _eClass_.name = 'PolicyLib') and _containmentMF_.name = 'policies')">
    <nodeLabelTraces
        visualID="5201"
        queryText="true"/>
    <nodeLabelTraces
        visualID="5202"
        queryText="true"/>
    <nodeLabelTraces
        visualID="5203"
        queryText="true"/>
    <compartmentTraces
        visualID="7027"
        queryText="true"/>
  </childNodeTraces>
  <childNodeTraces
      visualID="3044"
      queryText="(let _eClass_:ecore::EClass = modelFacet.metaClass.ecoreClass in _eClass_.ePackage.nsURI = 'http://www.opendds.org/modeling/schemas/OpenDDS/1.0' and _eClass_.name = 'osQosPolicy') and (let _containmentMF_:ecore::EStructuralFeature = modelFacet.containmentMetaFeature.ecoreFeature in (let _eClass_:ecore::EClass = _containmentMF_.eContainingClass in _eClass_.ePackage.nsURI = 'http://www.opendds.org/modeling/schemas/OpenDDS/1.0' and _eClass_.name = 'PolicyLib') and _containmentMF_.name = 'policies')">
    <nodeLabelTraces
        visualID="5204"
        queryText="true"/>
    <nodeLabelTraces
        visualID="5205"
        queryText="true"/>
    <nodeLabelTraces
        visualID="5206"
        queryText="true"/>
  </childNodeTraces>
  <childNodeTraces
      visualID="3045"
      queryText="(let _eClass_:ecore::EClass = modelFacet.metaClass.ecoreClass in _eClass_.ePackage.nsURI = 'http://www.opendds.org/modeling/schemas/OpenDDS/1.0' and _eClass_.name = 'ownershipQosPolicy') and (let _containmentMF_:ecore::EStructuralFeature = modelFacet.containmentMetaFeature.ecoreFeature in (let _eClass_:ecore::EClass = _containmentMF_.eContainingClass in _eClass_.ePackage.nsURI = 'http://www.opendds.org/modeling/schemas/OpenDDS/1.0' and _eClass_.name = 'PolicyLib') and _containmentMF_.name = 'policies')">
    <nodeLabelTraces
        visualID="5207"
        queryText="true"/>
    <nodeLabelTraces
        visualID="5208"
        queryText="true"/>
    <nodeLabelTraces
        visualID="5209"
        queryText="true"/>
  </childNodeTraces>
  <childNodeTraces
      visualID="3046"
      queryText="(let _eClass_:ecore::EClass = modelFacet.metaClass.ecoreClass in _eClass_.ePackage.nsURI = 'http://www.opendds.org/modeling/schemas/OpenDDS/1.0' and _eClass_.name = 'reliabilityQosPolicy') and (let _containmentMF_:ecore::EStructuralFeature = modelFacet.containmentMetaFeature.ecoreFeature in (let _eClass_:ecore::EClass = _containmentMF_.eContainingClass in _eClass_.ePackage.nsURI = 'http://www.opendds.org/modeling/schemas/OpenDDS/1.0' and _eClass_.name = 'PolicyLib') and _containmentMF_.name = 'policies')">
    <nodeLabelTraces
        visualID="5210"
        queryText="true"/>
    <nodeLabelTraces
        visualID="5211"
        queryText="true"/>
    <nodeLabelTraces
        visualID="5212"
        queryText="true"/>
    <compartmentTraces
        visualID="7028"
        queryText="true"/>
  </childNodeTraces>
  <childNodeTraces
      visualID="3047"
      queryText="(let _eClass_:ecore::EClass = modelFacet.metaClass.ecoreClass in _eClass_.ePackage.nsURI = 'http://www.opendds.org/modeling/schemas/OpenDDS/1.0' and _eClass_.name = 'rlQosPolicy') and (let _containmentMF_:ecore::EStructuralFeature = modelFacet.containmentMetaFeature.ecoreFeature in (let _eClass_:ecore::EClass = _containmentMF_.eContainingClass in _eClass_.ePackage.nsURI = 'http://www.opendds.org/modeling/schemas/OpenDDS/1.0' and _eClass_.name = 'PolicyLib') and _containmentMF_.name = 'policies')">
    <nodeLabelTraces
        visualID="5213"
        queryText="true"/>
    <nodeLabelTraces
        visualID="5214"
        queryText="true"/>
    <nodeLabelTraces
        visualID="5215"
        queryText="true"/>
    <nodeLabelTraces
        visualID="5216"
        queryText="true"/>
    <nodeLabelTraces
        visualID="5217"
        queryText="true"/>
  </childNodeTraces>
  <childNodeTraces
      visualID="3048"
      queryText="(let _eClass_:ecore::EClass = modelFacet.metaClass.ecoreClass in _eClass_.ePackage.nsURI = 'http://www.opendds.org/modeling/schemas/OpenDDS/1.0' and _eClass_.name = 'tpQosPolicy') and (let _containmentMF_:ecore::EStructuralFeature = modelFacet.containmentMetaFeature.ecoreFeature in (let _eClass_:ecore::EClass = _containmentMF_.eContainingClass in _eClass_.ePackage.nsURI = 'http://www.opendds.org/modeling/schemas/OpenDDS/1.0' and _eClass_.name = 'PolicyLib') and _containmentMF_.name = 'policies')">
    <nodeLabelTraces
        visualID="5218"
        queryText="true"/>
    <nodeLabelTraces
        visualID="5219"
        queryText="true"/>
    <nodeLabelTraces
        visualID="5220"
        queryText="true"/>
  </childNodeTraces>
  <childNodeTraces
      visualID="3049"
      queryText="(let _eClass_:ecore::EClass = modelFacet.metaClass.ecoreClass in _eClass_.ePackage.nsURI = 'http://www.opendds.org/modeling/schemas/OpenDDS/1.0' and _eClass_.name = 'rdlQosPolicy') and (let _containmentMF_:ecore::EStructuralFeature = modelFacet.containmentMetaFeature.ecoreFeature in (let _eClass_:ecore::EClass = _containmentMF_.eContainingClass in _eClass_.ePackage.nsURI = 'http://www.opendds.org/modeling/schemas/OpenDDS/1.0' and _eClass_.name = 'DcpsLib') and _containmentMF_.name = 'policies')">
    <nodeLabelTraces
        visualID="5221"
        queryText="true"/>
    <nodeLabelTraces
        visualID="5222"
        queryText="true"/>
    <compartmentTraces
        visualID="7034"
        queryText="true"/>
    <compartmentTraces
        visualID="7035"
        queryText="true"/>
  </childNodeTraces>
  <childNodeTraces
      visualID="3050"
      queryText="(let _eClass_:ecore::EClass = modelFacet.metaClass.ecoreClass in _eClass_.ePackage.nsURI = 'http://www.opendds.org/modeling/schemas/OpenDDS/1.0' and _eClass_.name = 'tbfQosPolicy') and (let _containmentMF_:ecore::EStructuralFeature = modelFacet.containmentMetaFeature.ecoreFeature in (let _eClass_:ecore::EClass = _containmentMF_.eContainingClass in _eClass_.ePackage.nsURI = 'http://www.opendds.org/modeling/schemas/OpenDDS/1.0' and _eClass_.name = 'DcpsLib') and _containmentMF_.name = 'policies')">
    <nodeLabelTraces
        visualID="5224"
        queryText="true"/>
    <nodeLabelTraces
        visualID="5225"
        queryText="true"/>
    <compartmentTraces
        visualID="7036"
        queryText="true"/>
  </childNodeTraces>
  <childNodeTraces
      visualID="3051"
      queryText="(let _eClass_:ecore::EClass = modelFacet.metaClass.ecoreClass in _eClass_.ePackage.nsURI = 'http://www.opendds.org/modeling/schemas/OpenDDS/1.0' and _eClass_.name = 'tdQosPolicy') and (let _containmentMF_:ecore::EStructuralFeature = modelFacet.containmentMetaFeature.ecoreFeature in (let _eClass_:ecore::EClass = _containmentMF_.eContainingClass in _eClass_.ePackage.nsURI = 'http://www.opendds.org/modeling/schemas/OpenDDS/1.0' and _eClass_.name = 'DcpsLib') and _containmentMF_.name = 'policies')">
    <nodeLabelTraces
        visualID="5227"
        queryText="true"/>
    <nodeLabelTraces
        visualID="5228"
        queryText="true"/>
    <nodeLabelTraces
        visualID="5229"
        queryText="true"/>
  </childNodeTraces>
  <childNodeTraces
      visualID="3052"
      queryText="(let _eClass_:ecore::EClass = modelFacet.metaClass.ecoreClass in _eClass_.ePackage.nsURI = 'http://www.opendds.org/modeling/schemas/OpenDDS/1.0' and _eClass_.name = 'rdlQosPolicy') and (let _containmentMF_:ecore::EStructuralFeature = modelFacet.containmentMetaFeature.ecoreFeature in (let _eClass_:ecore::EClass = _containmentMF_.eContainingClass in _eClass_.ePackage.nsURI = 'http://www.opendds.org/modeling/schemas/OpenDDS/1.0' and _eClass_.name = 'PolicyLib') and _containmentMF_.name = 'policies')">
    <nodeLabelTraces
        visualID="5230"
        queryText="true"/>
    <nodeLabelTraces
        visualID="5231"
        queryText="true"/>
    <compartmentTraces
        visualID="7037"
        queryText="true"/>
    <compartmentTraces
        visualID="7038"
        queryText="true"/>
  </childNodeTraces>
  <childNodeTraces
      visualID="3053"
      queryText="(let _eClass_:ecore::EClass = modelFacet.metaClass.ecoreClass in _eClass_.ePackage.nsURI = 'http://www.opendds.org/modeling/schemas/OpenDDS/1.0' and _eClass_.name = 'tbfQosPolicy') and (let _containmentMF_:ecore::EStructuralFeature = modelFacet.containmentMetaFeature.ecoreFeature in (let _eClass_:ecore::EClass = _containmentMF_.eContainingClass in _eClass_.ePackage.nsURI = 'http://www.opendds.org/modeling/schemas/OpenDDS/1.0' and _eClass_.name = 'PolicyLib') and _containmentMF_.name = 'policies')">
    <nodeLabelTraces
        visualID="5233"
        queryText="true"/>
    <nodeLabelTraces
        visualID="5234"
        queryText="true"/>
    <compartmentTraces
        visualID="7039"
        queryText="true"/>
  </childNodeTraces>
  <childNodeTraces
      visualID="3054"
      queryText="(let _eClass_:ecore::EClass = modelFacet.metaClass.ecoreClass in _eClass_.ePackage.nsURI = 'http://www.opendds.org/modeling/schemas/OpenDDS/1.0' and _eClass_.name = 'tdQosPolicy') and (let _containmentMF_:ecore::EStructuralFeature = modelFacet.containmentMetaFeature.ecoreFeature in (let _eClass_:ecore::EClass = _containmentMF_.eContainingClass in _eClass_.ePackage.nsURI = 'http://www.opendds.org/modeling/schemas/OpenDDS/1.0' and _eClass_.name = 'PolicyLib') and _containmentMF_.name = 'policies')">
    <nodeLabelTraces
        visualID="5236"
        queryText="true"/>
    <nodeLabelTraces
        visualID="5237"
        queryText="true"/>
    <nodeLabelTraces
        visualID="5238"
        queryText="true"/>
  </childNodeTraces>
  <childNodeTraces
      visualID="3055"
      queryText="(let _eClass_:ecore::EClass = modelFacet.metaClass.ecoreClass in _eClass_.ePackage.nsURI = 'http://www.opendds.org/modeling/schemas/Enumerations/1.0' and _eClass_.name = 'Period') and (let _containmentMF_:ecore::EStructuralFeature = modelFacet.containmentMetaFeature.ecoreFeature in (let _eClass_:ecore::EClass = _containmentMF_.eContainingClass in _eClass_.ePackage.nsURI = 'http://www.opendds.org/modeling/schemas/QoS/1.0' and _eClass_.name = 'ReaderDataLifecycleQosPolicy') and _containmentMF_.name = 'autopurge_disposed_samples_delay')">
    <nodeLabelTraces
        visualID="5243"
        queryText="true"/>
    <nodeLabelTraces
        visualID="5244"
        queryText="true"/>
  </childNodeTraces>
  <childNodeTraces
      visualID="3056"
      queryText="(let _eClass_:ecore::EClass = modelFacet.metaClass.ecoreClass in _eClass_.ePackage.nsURI = 'http://www.opendds.org/modeling/schemas/Enumerations/1.0' and _eClass_.name = 'Period') and (let _containmentMF_:ecore::EStructuralFeature = modelFacet.containmentMetaFeature.ecoreFeature in (let _eClass_:ecore::EClass = _containmentMF_.eContainingClass in _eClass_.ePackage.nsURI = 'http://www.opendds.org/modeling/schemas/QoS/1.0' and _eClass_.name = 'ReaderDataLifecycleQosPolicy') and _containmentMF_.name = 'autopurge_nowriter_samples_delay')">
    <nodeLabelTraces
        visualID="5245"
        queryText="true"/>
    <nodeLabelTraces
        visualID="5246"
        queryText="true"/>
  </childNodeTraces>
  <childNodeTraces
      visualID="3057"
      queryText="(let _eClass_:ecore::EClass = modelFacet.metaClass.ecoreClass in _eClass_.ePackage.nsURI = 'http://www.opendds.org/modeling/schemas/Enumerations/1.0' and _eClass_.name = 'Period') and (let _containmentMF_:ecore::EStructuralFeature = modelFacet.containmentMetaFeature.ecoreFeature in (let _eClass_:ecore::EClass = _containmentMF_.eContainingClass in _eClass_.ePackage.nsURI = 'http://www.opendds.org/modeling/schemas/QoS/1.0' and _eClass_.name = 'TimeBasedFilterQosPolicy') and _containmentMF_.name = 'minimum_separation')">
    <nodeLabelTraces
        visualID="5247"
        queryText="true"/>
    <nodeLabelTraces
        visualID="5248"
        queryText="true"/>
  </childNodeTraces>
  <childNodeTraces
      visualID="3058"
      queryText="(let _eClass_:ecore::EClass = modelFacet.metaClass.ecoreClass in _eClass_.ePackage.nsURI = 'http://www.opendds.org/modeling/schemas/Types/1.0' and _eClass_.name = 'Struct') and (let _containmentMF_:ecore::EStructuralFeature = modelFacet.containmentMetaFeature.ecoreFeature in (let _eClass_:ecore::EClass = _containmentMF_.eContainingClass in _eClass_.ePackage.nsURI = 'http://www.opendds.org/modeling/schemas/Types/1.0' and _eClass_.name = 'DataLib') and _containmentMF_.name = 'types')">
    <nodeLabelTraces
        visualID="5250"
        queryText="true"/>
    <nodeLabelTraces
        visualID="5251"
        queryText="true"/>
  </childNodeTraces>
  <childNodeTraces
      visualID="3059"
      queryText="(let _eClass_:ecore::EClass = modelFacet.metaClass.ecoreClass in _eClass_.ePackage.nsURI = 'http://www.opendds.org/modeling/schemas/DCPS/1.0' and _eClass_.name = 'DataWriter') and (let _containmentMF_:ecore::EStructuralFeature = modelFacet.containmentMetaFeature.ecoreFeature in (let _eClass_:ecore::EClass = _containmentMF_.eContainingClass in _eClass_.ePackage.nsURI = 'http://www.opendds.org/modeling/schemas/DCPS/1.0' and _eClass_.name = 'Publisher') and _containmentMF_.name = 'writers')">
    <nodeLabelTraces
        visualID="5252"
        queryText="true"/>
    <nodeLabelTraces
        visualID="5253"
        queryText="true"/>
    <nodeLabelTraces
        visualID="5254"
        queryText="true"/>
    <nodeLabelTraces
        visualID="5272"
        queryText="true"/>
    <compartmentTraces
        visualID="7041"
        queryText="true"/>
    <compartmentTraces
        visualID="7042"
        queryText="true"/>
  </childNodeTraces>
  <childNodeTraces
      visualID="3060"
      queryText="(let _eClass_:ecore::EClass = modelFacet.metaClass.ecoreClass in _eClass_.ePackage.nsURI = 'http://www.opendds.org/modeling/schemas/DCPS/1.0' and _eClass_.name = 'DataReader') and (let _containmentMF_:ecore::EStructuralFeature = modelFacet.containmentMetaFeature.ecoreFeature in (let _eClass_:ecore::EClass = _containmentMF_.eContainingClass in _eClass_.ePackage.nsURI = 'http://www.opendds.org/modeling/schemas/DCPS/1.0' and _eClass_.name = 'Subscriber') and _containmentMF_.name = 'readers')">
    <nodeLabelTraces
        visualID="5255"
        queryText="true"/>
    <nodeLabelTraces
        visualID="5256"
        queryText="true"/>
    <nodeLabelTraces
        visualID="5257"
        queryText="true"/>
    <nodeLabelTraces
        visualID="5273"
        queryText="true"/>
    <compartmentTraces
        visualID="7043"
        queryText="true"/>
    <compartmentTraces
        visualID="7044"
        queryText="true"/>
  </childNodeTraces>
  <childNodeTraces
      visualID="3061"
      queryText="(let _eClass_:ecore::EClass = modelFacet.metaClass.ecoreClass in _eClass_.ePackage.nsURI = 'http://www.opendds.org/modeling/schemas/OpenDDS/1.0' and _eClass_.name = 'wdlQosPolicy') and (let _containmentMF_:ecore::EStructuralFeature = modelFacet.containmentMetaFeature.ecoreFeature in (let _eClass_:ecore::EClass = _containmentMF_.eContainingClass in _eClass_.ePackage.nsURI = 'http://www.opendds.org/modeling/schemas/OpenDDS/1.0' and _eClass_.name = 'PolicyLib') and _containmentMF_.name = 'policies')">
    <nodeLabelTraces
        visualID="5269"
        queryText="true"/>
    <nodeLabelTraces
        visualID="5270"
        queryText="true"/>
    <nodeLabelTraces
        visualID="5271"
        queryText="true"/>
  </childNodeTraces>
  <linkTraces
      visualID="4005"
      queryText="modelFacet.oclIsKindOf(gmfgen::FeatureLinkModelFacet) and (let _feature_:ecore::EStructuralFeature = modelFacet.oclAsType(gmfgen::FeatureLinkModelFacet).metaFeature.ecoreFeature in (let _eClass_:ecore::EClass = _feature_.eContainingClass in _eClass_.ePackage.nsURI = 'http://www.opendds.org/modeling/schemas/DCPS/1.0' and _eClass_.name = 'DataReader') and _feature_.name = 'topic')"/>
  <linkTraces
      visualID="4006"
      queryText="modelFacet.oclIsKindOf(gmfgen::FeatureLinkModelFacet) and (let _feature_:ecore::EStructuralFeature = modelFacet.oclAsType(gmfgen::FeatureLinkModelFacet).metaFeature.ecoreFeature in (let _eClass_:ecore::EClass = _feature_.eContainingClass in _eClass_.ePackage.nsURI = 'http://www.opendds.org/modeling/schemas/DCPS/1.0' and _eClass_.name = 'DataWriter') and _feature_.name = 'topic')"/>
  <linkTraces
      visualID="4007"
      queryText="modelFacet.oclIsKindOf(gmfgen::FeatureLinkModelFacet) and (let _feature_:ecore::EStructuralFeature = modelFacet.oclAsType(gmfgen::FeatureLinkModelFacet).metaFeature.ecoreFeature in (let _eClass_:ecore::EClass = _feature_.eContainingClass in _eClass_.ePackage.nsURI = 'http://www.opendds.org/modeling/schemas/DCPS/1.0' and _eClass_.name = 'DomainParticipant') and _feature_.name = 'domain')"/>
  <linkTraces
      visualID="4008"
      queryText="modelFacet.oclIsKindOf(gmfgen::FeatureLinkModelFacet) and (let _feature_:ecore::EStructuralFeature = modelFacet.oclAsType(gmfgen::FeatureLinkModelFacet).metaFeature.ecoreFeature in (let _eClass_:ecore::EClass = _feature_.eContainingClass in _eClass_.ePackage.nsURI = 'http://www.opendds.org/modeling/schemas/Topics/1.0' and _eClass_.name = 'ContentFilteredTopic') and _feature_.name = 'related_topic')"/>
</trace:TraceModel>
