<?xml version="1.0" encoding="UTF-8"?>
<trace:TraceModel xmi:version="2.0"
    xmlns:xmi="http://www.omg.org/XMI"
    xmlns:trace="http://www.eclipse.org/gmf/2006/Trace">
  <nodeTraces
      visualID="2001"
      queryText="(let _eClass_:ecore::EClass = modelFacet.metaClass.ecoreClass in _eClass_.ePackage.nsURI = 'http://www.opendds.org/modeling/schemas/Types/1.0' and _eClass_.name = 'Long') and (let _containmentMF_:ecore::EStructuralFeature = modelFacet.containmentMetaFeature.ecoreFeature in (let _eClass_:ecore::EClass = _containmentMF_.eContainingClass in _eClass_.ePackage.nsURI = 'http://www.opendds.org/modeling/schemas/Types/1.0' and _eClass_.name = 'DataLib') and _containmentMF_.name = 'types')">
    <nodeLabelTraces
        visualID="5001"
        queryText="true"/>
  </nodeTraces>
  <nodeTraces
      visualID="2002"
      queryText="(let _eClass_:ecore::EClass = modelFacet.metaClass.ecoreClass in _eClass_.ePackage.nsURI = 'http://www.opendds.org/modeling/schemas/Types/1.0' and _eClass_.name = 'LongLong') and (let _containmentMF_:ecore::EStructuralFeature = modelFacet.containmentMetaFeature.ecoreFeature in (let _eClass_:ecore::EClass = _containmentMF_.eContainingClass in _eClass_.ePackage.nsURI = 'http://www.opendds.org/modeling/schemas/Types/1.0' and _eClass_.name = 'DataLib') and _containmentMF_.name = 'types')">
    <nodeLabelTraces
        visualID="5002"
        queryText="true"/>
  </nodeTraces>
  <nodeTraces
      visualID="2003"
      queryText="(let _eClass_:ecore::EClass = modelFacet.metaClass.ecoreClass in _eClass_.ePackage.nsURI = 'http://www.opendds.org/modeling/schemas/Types/1.0' and _eClass_.name = 'Short') and (let _containmentMF_:ecore::EStructuralFeature = modelFacet.containmentMetaFeature.ecoreFeature in (let _eClass_:ecore::EClass = _containmentMF_.eContainingClass in _eClass_.ePackage.nsURI = 'http://www.opendds.org/modeling/schemas/Types/1.0' and _eClass_.name = 'DataLib') and _containmentMF_.name = 'types')">
    <nodeLabelTraces
        visualID="5003"
        queryText="true"/>
  </nodeTraces>
  <nodeTraces
      visualID="2004"
      queryText="(let _eClass_:ecore::EClass = modelFacet.metaClass.ecoreClass in _eClass_.ePackage.nsURI = 'http://www.opendds.org/modeling/schemas/Types/1.0' and _eClass_.name = 'ULong') and (let _containmentMF_:ecore::EStructuralFeature = modelFacet.containmentMetaFeature.ecoreFeature in (let _eClass_:ecore::EClass = _containmentMF_.eContainingClass in _eClass_.ePackage.nsURI = 'http://www.opendds.org/modeling/schemas/Types/1.0' and _eClass_.name = 'DataLib') and _containmentMF_.name = 'types')">
    <nodeLabelTraces
        visualID="5004"
        queryText="true"/>
  </nodeTraces>
  <nodeTraces
      visualID="2005"
      queryText="(let _eClass_:ecore::EClass = modelFacet.metaClass.ecoreClass in _eClass_.ePackage.nsURI = 'http://www.opendds.org/modeling/schemas/Types/1.0' and _eClass_.name = 'ULongLong') and (let _containmentMF_:ecore::EStructuralFeature = modelFacet.containmentMetaFeature.ecoreFeature in (let _eClass_:ecore::EClass = _containmentMF_.eContainingClass in _eClass_.ePackage.nsURI = 'http://www.opendds.org/modeling/schemas/Types/1.0' and _eClass_.name = 'DataLib') and _containmentMF_.name = 'types')">
    <nodeLabelTraces
        visualID="5005"
        queryText="true"/>
  </nodeTraces>
  <nodeTraces
      visualID="2006"
      queryText="(let _eClass_:ecore::EClass = modelFacet.metaClass.ecoreClass in _eClass_.ePackage.nsURI = 'http://www.opendds.org/modeling/schemas/Types/1.0' and _eClass_.name = 'UShort') and (let _containmentMF_:ecore::EStructuralFeature = modelFacet.containmentMetaFeature.ecoreFeature in (let _eClass_:ecore::EClass = _containmentMF_.eContainingClass in _eClass_.ePackage.nsURI = 'http://www.opendds.org/modeling/schemas/Types/1.0' and _eClass_.name = 'DataLib') and _containmentMF_.name = 'types')">
    <nodeLabelTraces
        visualID="5006"
        queryText="true"/>
  </nodeTraces>
  <nodeTraces
      visualID="2007"
      queryText="(let _eClass_:ecore::EClass = modelFacet.metaClass.ecoreClass in _eClass_.ePackage.nsURI = 'http://www.opendds.org/modeling/schemas/Types/1.0' and _eClass_.name = 'Double') and (let _containmentMF_:ecore::EStructuralFeature = modelFacet.containmentMetaFeature.ecoreFeature in (let _eClass_:ecore::EClass = _containmentMF_.eContainingClass in _eClass_.ePackage.nsURI = 'http://www.opendds.org/modeling/schemas/Types/1.0' and _eClass_.name = 'DataLib') and _containmentMF_.name = 'types')">
    <nodeLabelTraces
        visualID="5007"
        queryText="true"/>
  </nodeTraces>
  <nodeTraces
      visualID="2008"
      queryText="(let _eClass_:ecore::EClass = modelFacet.metaClass.ecoreClass in _eClass_.ePackage.nsURI = 'http://www.opendds.org/modeling/schemas/Types/1.0' and _eClass_.name = 'Float') and (let _containmentMF_:ecore::EStructuralFeature = modelFacet.containmentMetaFeature.ecoreFeature in (let _eClass_:ecore::EClass = _containmentMF_.eContainingClass in _eClass_.ePackage.nsURI = 'http://www.opendds.org/modeling/schemas/Types/1.0' and _eClass_.name = 'DataLib') and _containmentMF_.name = 'types')">
    <nodeLabelTraces
        visualID="5008"
        queryText="true"/>
  </nodeTraces>
  <nodeTraces
      visualID="2009"
      queryText="(let _eClass_:ecore::EClass = modelFacet.metaClass.ecoreClass in _eClass_.ePackage.nsURI = 'http://www.opendds.org/modeling/schemas/Types/1.0' and _eClass_.name = 'Char') and (let _containmentMF_:ecore::EStructuralFeature = modelFacet.containmentMetaFeature.ecoreFeature in (let _eClass_:ecore::EClass = _containmentMF_.eContainingClass in _eClass_.ePackage.nsURI = 'http://www.opendds.org/modeling/schemas/Types/1.0' and _eClass_.name = 'DataLib') and _containmentMF_.name = 'types')">
    <nodeLabelTraces
        visualID="5009"
        queryText="true"/>
  </nodeTraces>
  <nodeTraces
      visualID="2010"
      queryText="(let _eClass_:ecore::EClass = modelFacet.metaClass.ecoreClass in _eClass_.ePackage.nsURI = 'http://www.opendds.org/modeling/schemas/Types/1.0' and _eClass_.name = 'WChar') and (let _containmentMF_:ecore::EStructuralFeature = modelFacet.containmentMetaFeature.ecoreFeature in (let _eClass_:ecore::EClass = _containmentMF_.eContainingClass in _eClass_.ePackage.nsURI = 'http://www.opendds.org/modeling/schemas/Types/1.0' and _eClass_.name = 'DataLib') and _containmentMF_.name = 'types')">
    <nodeLabelTraces
        visualID="5010"
        queryText="true"/>
  </nodeTraces>
  <nodeTraces
      visualID="2011"
      queryText="(let _eClass_:ecore::EClass = modelFacet.metaClass.ecoreClass in _eClass_.ePackage.nsURI = 'http://www.opendds.org/modeling/schemas/Types/1.0' and _eClass_.name = 'Octet') and (let _containmentMF_:ecore::EStructuralFeature = modelFacet.containmentMetaFeature.ecoreFeature in (let _eClass_:ecore::EClass = _containmentMF_.eContainingClass in _eClass_.ePackage.nsURI = 'http://www.opendds.org/modeling/schemas/Types/1.0' and _eClass_.name = 'DataLib') and _containmentMF_.name = 'types')">
    <nodeLabelTraces
        visualID="5011"
        queryText="true"/>
  </nodeTraces>
  <nodeTraces
      visualID="2012"
      queryText="(let _eClass_:ecore::EClass = modelFacet.metaClass.ecoreClass in _eClass_.ePackage.nsURI = 'http://www.opendds.org/modeling/schemas/Types/1.0' and _eClass_.name = 'Boolean') and (let _containmentMF_:ecore::EStructuralFeature = modelFacet.containmentMetaFeature.ecoreFeature in (let _eClass_:ecore::EClass = _containmentMF_.eContainingClass in _eClass_.ePackage.nsURI = 'http://www.opendds.org/modeling/schemas/Types/1.0' and _eClass_.name = 'DataLib') and _containmentMF_.name = 'types')">
    <nodeLabelTraces
        visualID="5012"
        queryText="true"/>
  </nodeTraces>
  <nodeTraces
      visualID="2013"
      queryText="(let _eClass_:ecore::EClass = modelFacet.metaClass.ecoreClass in _eClass_.ePackage.nsURI = 'http://www.opendds.org/modeling/schemas/Types/1.0' and _eClass_.name = 'Array') and (let _containmentMF_:ecore::EStructuralFeature = modelFacet.containmentMetaFeature.ecoreFeature in (let _eClass_:ecore::EClass = _containmentMF_.eContainingClass in _eClass_.ePackage.nsURI = 'http://www.opendds.org/modeling/schemas/Types/1.0' and _eClass_.name = 'DataLib') and _containmentMF_.name = 'types')">
    <nodeLabelTraces
        visualID="5013"
        queryText="true"/>
    <nodeLabelTraces
        visualID="5014"
        queryText="true"/>
  </nodeTraces>
  <nodeTraces
      visualID="2014"
      queryText="(let _eClass_:ecore::EClass = modelFacet.metaClass.ecoreClass in _eClass_.ePackage.nsURI = 'http://www.opendds.org/modeling/schemas/Types/1.0' and _eClass_.name = 'Enum') and (let _containmentMF_:ecore::EStructuralFeature = modelFacet.containmentMetaFeature.ecoreFeature in (let _eClass_:ecore::EClass = _containmentMF_.eContainingClass in _eClass_.ePackage.nsURI = 'http://www.opendds.org/modeling/schemas/Types/1.0' and _eClass_.name = 'DataLib') and _containmentMF_.name = 'types')">
    <nodeLabelTraces
        visualID="5015"
        queryText="true"/>
    <nodeLabelTraces
        visualID="5016"
        queryText="true"/>
    <nodeLabelTraces
        visualID="5017"
        queryText="true"/>
  </nodeTraces>
  <nodeTraces
      visualID="2015"
      queryText="(let _eClass_:ecore::EClass = modelFacet.metaClass.ecoreClass in _eClass_.ePackage.nsURI = 'http://www.opendds.org/modeling/schemas/Types/1.0' and _eClass_.name = 'Sequence') and (let _containmentMF_:ecore::EStructuralFeature = modelFacet.containmentMetaFeature.ecoreFeature in (let _eClass_:ecore::EClass = _containmentMF_.eContainingClass in _eClass_.ePackage.nsURI = 'http://www.opendds.org/modeling/schemas/Types/1.0' and _eClass_.name = 'DataLib') and _containmentMF_.name = 'types')">
    <nodeLabelTraces
        visualID="5018"
        queryText="true"/>
    <nodeLabelTraces
        visualID="5019"
        queryText="true"/>
  </nodeTraces>
  <nodeTraces
      visualID="2016"
      queryText="(let _eClass_:ecore::EClass = modelFacet.metaClass.ecoreClass in _eClass_.ePackage.nsURI = 'http://www.opendds.org/modeling/schemas/Types/1.0' and _eClass_.name = 'String') and (let _containmentMF_:ecore::EStructuralFeature = modelFacet.containmentMetaFeature.ecoreFeature in (let _eClass_:ecore::EClass = _containmentMF_.eContainingClass in _eClass_.ePackage.nsURI = 'http://www.opendds.org/modeling/schemas/Types/1.0' and _eClass_.name = 'DataLib') and _containmentMF_.name = 'types')">
    <nodeLabelTraces
        visualID="5020"
        queryText="true"/>
    <nodeLabelTraces
        visualID="5021"
        queryText="true"/>
  </nodeTraces>
  <nodeTraces
      visualID="2017"
      queryText="(let _eClass_:ecore::EClass = modelFacet.metaClass.ecoreClass in _eClass_.ePackage.nsURI = 'http://www.opendds.org/modeling/schemas/Types/1.0' and _eClass_.name = 'WString') and (let _containmentMF_:ecore::EStructuralFeature = modelFacet.containmentMetaFeature.ecoreFeature in (let _eClass_:ecore::EClass = _containmentMF_.eContainingClass in _eClass_.ePackage.nsURI = 'http://www.opendds.org/modeling/schemas/Types/1.0' and _eClass_.name = 'DataLib') and _containmentMF_.name = 'types')">
    <nodeLabelTraces
        visualID="5022"
        queryText="true"/>
    <nodeLabelTraces
        visualID="5023"
        queryText="true"/>
  </nodeTraces>
  <nodeTraces
      visualID="2018"
      queryText="(let _eClass_:ecore::EClass = modelFacet.metaClass.ecoreClass in _eClass_.ePackage.nsURI = 'http://www.opendds.org/modeling/schemas/Types/1.0' and _eClass_.name = 'Typedef') and (let _containmentMF_:ecore::EStructuralFeature = modelFacet.containmentMetaFeature.ecoreFeature in (let _eClass_:ecore::EClass = _containmentMF_.eContainingClass in _eClass_.ePackage.nsURI = 'http://www.opendds.org/modeling/schemas/Types/1.0' and _eClass_.name = 'DataLib') and _containmentMF_.name = 'types')">
    <nodeLabelTraces
        visualID="5024"
        queryText="true"/>
    <nodeLabelTraces
        visualID="5025"
        queryText="true"/>
  </nodeTraces>
  <nodeTraces
      visualID="2021"
      queryText="(let _eClass_:ecore::EClass = modelFacet.metaClass.ecoreClass in _eClass_.ePackage.nsURI = 'http://www.opendds.org/modeling/schemas/Types/1.0' and _eClass_.name = 'Union') and (let _containmentMF_:ecore::EStructuralFeature = modelFacet.containmentMetaFeature.ecoreFeature in (let _eClass_:ecore::EClass = _containmentMF_.eContainingClass in _eClass_.ePackage.nsURI = 'http://www.opendds.org/modeling/schemas/Types/1.0' and _eClass_.name = 'DataLib') and _containmentMF_.name = 'types')">
    <nodeLabelTraces
        visualID="5029"
        queryText="true"/>
    <nodeLabelTraces
        visualID="5030"
        queryText="true"/>
    <compartmentTraces
        visualID="7002"
        queryText="true"/>
    <compartmentTraces
        visualID="7005"
        queryText="true"/>
  </nodeTraces>
  <nodeTraces
      visualID="2022"
      queryText="(let _eClass_:ecore::EClass = modelFacet.metaClass.ecoreClass in _eClass_.ePackage.nsURI = 'http://www.opendds.org/modeling/schemas/Types/1.0' and _eClass_.name = 'Struct') and (let _containmentMF_:ecore::EStructuralFeature = modelFacet.containmentMetaFeature.ecoreFeature in (let _eClass_:ecore::EClass = _containmentMF_.eContainingClass in _eClass_.ePackage.nsURI = 'http://www.opendds.org/modeling/schemas/Types/1.0' and _eClass_.name = 'DataLib') and _containmentMF_.name = 'types')">
    <nodeLabelTraces
        visualID="5031"
        queryText="true"/>
    <nodeLabelTraces
        visualID="5032"
        queryText="true"/>
    <nodeLabelTraces
        visualID="5033"
        queryText="true"/>
    <compartmentTraces
        visualID="7003"
        queryText="true"/>
    <compartmentTraces
        visualID="7004"
        queryText="true"/>
  </nodeTraces>
  <nodeTraces
      visualID="2023"
      queryText="(let _eClass_:ecore::EClass = modelFacet.metaClass.ecoreClass in _eClass_.ePackage.nsURI = 'http://www.opendds.org/modeling/schemas/Types/1.0' and _eClass_.name = 'LongDouble') and (let _containmentMF_:ecore::EStructuralFeature = modelFacet.containmentMetaFeature.ecoreFeature in (let _eClass_:ecore::EClass = _containmentMF_.eContainingClass in _eClass_.ePackage.nsURI = 'http://www.opendds.org/modeling/schemas/Types/1.0' and _eClass_.name = 'DataLib') and _containmentMF_.name = 'types')">
    <nodeLabelTraces
        visualID="5034"
        queryText="true"/>
  </nodeTraces>
  <childNodeTraces
      visualID="3001"
      queryText="(let _eClass_:ecore::EClass = modelFacet.metaClass.ecoreClass in _eClass_.ePackage.nsURI = 'http://www.opendds.org/modeling/schemas/Types/1.0' and _eClass_.name = 'Field') and (let _containmentMF_:ecore::EStructuralFeature = modelFacet.containmentMetaFeature.ecoreFeature in (let _eClass_:ecore::EClass = _containmentMF_.eContainingClass in _eClass_.ePackage.nsURI = 'http://www.opendds.org/modeling/schemas/Types/1.0' and _eClass_.name = 'Branch') and _containmentMF_.name = 'field')"/>
  <childNodeTraces
      visualID="3002"
      queryText="(let _eClass_:ecore::EClass = modelFacet.metaClass.ecoreClass in _eClass_.ePackage.nsURI = 'http://www.opendds.org/modeling/schemas/Types/1.0' and _eClass_.name = 'Field') and (let _containmentMF_:ecore::EStructuralFeature = modelFacet.containmentMetaFeature.ecoreFeature in (let _eClass_:ecore::EClass = _containmentMF_.eContainingClass in _eClass_.ePackage.nsURI = 'http://www.opendds.org/modeling/schemas/Types/1.0' and _eClass_.name = 'Union') and _containmentMF_.name = 'default')"/>
  <childNodeTraces
      visualID="3003"
      queryText="(let _eClass_:ecore::EClass = modelFacet.metaClass.ecoreClass in _eClass_.ePackage.nsURI = 'http://www.opendds.org/modeling/schemas/Types/1.0' and _eClass_.name = 'Field') and (let _containmentMF_:ecore::EStructuralFeature = modelFacet.containmentMetaFeature.ecoreFeature in (let _eClass_:ecore::EClass = _containmentMF_.eContainingClass in _eClass_.ePackage.nsURI = 'http://www.opendds.org/modeling/schemas/Types/1.0' and _eClass_.name = 'Struct') and _containmentMF_.name = 'fields')"/>
  <childNodeTraces
      visualID="3004"
      queryText="(let _eClass_:ecore::EClass = modelFacet.metaClass.ecoreClass in _eClass_.ePackage.nsURI = 'http://www.opendds.org/modeling/schemas/Types/1.0' and _eClass_.name = 'Key') and (let _containmentMF_:ecore::EStructuralFeature = modelFacet.containmentMetaFeature.ecoreFeature in (let _eClass_:ecore::EClass = _containmentMF_.eContainingClass in _eClass_.ePackage.nsURI = 'http://www.opendds.org/modeling/schemas/Types/1.0' and _eClass_.name = 'Struct') and _containmentMF_.name = 'keys')"/>
  <childNodeTraces
      visualID="3005"
      queryText="(let _eClass_:ecore::EClass = modelFacet.metaClass.ecoreClass in _eClass_.ePackage.nsURI = 'http://www.opendds.org/modeling/schemas/Types/1.0' and _eClass_.name = 'Branch') and (let _containmentMF_:ecore::EStructuralFeature = modelFacet.containmentMetaFeature.ecoreFeature in (let _eClass_:ecore::EClass = _containmentMF_.eContainingClass in _eClass_.ePackage.nsURI = 'http://www.opendds.org/modeling/schemas/Types/1.0' and _eClass_.name = 'Union') and _containmentMF_.name = 'branches')">
    <nodeLabelTraces
        visualID="5037"
        queryText="true"/>
    <compartmentTraces
        visualID="7006"
        queryText="true"/>
    <compartmentTraces
        visualID="7007"
        queryText="true"/>
  </childNodeTraces>
  <childNodeTraces
      visualID="3006"
      queryText="(let _eClass_:ecore::EClass = modelFacet.metaClass.ecoreClass in _eClass_.ePackage.nsURI = 'http://www.opendds.org/modeling/schemas/Types/1.0' and _eClass_.name = 'Case') and (let _containmentMF_:ecore::EStructuralFeature = modelFacet.containmentMetaFeature.ecoreFeature in (let _eClass_:ecore::EClass = _containmentMF_.eContainingClass in _eClass_.ePackage.nsURI = 'http://www.opendds.org/modeling/schemas/Types/1.0' and _eClass_.name = 'Branch') and _containmentMF_.name = 'cases')">
    <nodeLabelTraces
        visualID="5035"
        queryText="true"/>
    <nodeLabelTraces
        visualID="5036"
        queryText="true"/>
  </childNodeTraces>
  <linkTraces
      visualID="4001"
      queryText="modelFacet.oclIsKindOf(gmfgen::FeatureLinkModelFacet) and (let _feature_:ecore::EStructuralFeature = modelFacet.oclAsType(gmfgen::FeatureLinkModelFacet).metaFeature.ecoreFeature in (let _eClass_:ecore::EClass = _feature_.eContainingClass in _eClass_.ePackage.nsURI = 'http://www.opendds.org/modeling/schemas/Types/1.0' and _eClass_.name = 'Array') and _feature_.name = 'subtype')"/>
  <linkTraces
      visualID="4002"
      queryText="modelFacet.oclIsKindOf(gmfgen::FeatureLinkModelFacet) and (let _feature_:ecore::EStructuralFeature = modelFacet.oclAsType(gmfgen::FeatureLinkModelFacet).metaFeature.ecoreFeature in (let _eClass_:ecore::EClass = _feature_.eContainingClass in _eClass_.ePackage.nsURI = 'http://www.opendds.org/modeling/schemas/Types/1.0' and _eClass_.name = 'Sequence') and _feature_.name = 'subtype')"/>
  <linkTraces
      visualID="4003"
      queryText="modelFacet.oclIsKindOf(gmfgen::FeatureLinkModelFacet) and (let _feature_:ecore::EStructuralFeature = modelFacet.oclAsType(gmfgen::FeatureLinkModelFacet).metaFeature.ecoreFeature in (let _eClass_:ecore::EClass = _feature_.eContainingClass in _eClass_.ePackage.nsURI = 'http://www.opendds.org/modeling/schemas/Types/1.0' and _eClass_.name = 'Typedef') and _feature_.name = 'type')"/>
  <linkTraces
      visualID="4006"
      queryText="modelFacet.oclIsKindOf(gmfgen::FeatureLinkModelFacet) and (let _feature_:ecore::EStructuralFeature = modelFacet.oclAsType(gmfgen::FeatureLinkModelFacet).metaFeature.ecoreFeature in (let _eClass_:ecore::EClass = _feature_.eContainingClass in _eClass_.ePackage.nsURI = 'http://www.opendds.org/modeling/schemas/Types/1.0' and _eClass_.name = 'Union') and _feature_.name = 'switch')">
    <linkLabelTraces
        visualID="6003"
        queryText="true"/>
  </linkTraces>
</trace:TraceModel>
