<?xml version="1.0" encoding="UTF-8"?>
<trace:TraceModel xmi:version="2.0"
    xmlns:xmi="http://www.omg.org/XMI"
    xmlns:trace="http://www.eclipse.org/gmf/2006/Trace">
  <nodeTraces
      visualID="2023"
      queryText="let _eClass_:ecore::EClass = modelFacet.metaClass.ecoreClass in _eClass_.ePackage.nsURI = 'http://www.opendds.org/modeling/schemas/Types/1.0' and _eClass_.name = 'Long'">
    <nodeLabelTraces
        visualID="5023"
        queryText="true"/>
  </nodeTraces>
  <nodeTraces
      visualID="2024"
      queryText="(let _eClass_:ecore::EClass = modelFacet.metaClass.ecoreClass in _eClass_.ePackage.nsURI = 'http://www.opendds.org/modeling/schemas/Types/1.0' and _eClass_.name = 'Array') and (let _containmentMF_:ecore::EStructuralFeature = modelFacet.containmentMetaFeature.ecoreFeature in (let _eClass_:ecore::EClass = _containmentMF_.eContainingClass in _eClass_.ePackage.nsURI = 'http://www.opendds.org/modeling/schemas/OpenDDS/1.0' and _eClass_.name = 'DataLib') and _containmentMF_.name = 'types')">
    <nodeLabelTraces
        visualID="5024"
        queryText="true"/>
    <nodeLabelTraces
        visualID="5025"
        queryText="true"/>
  </nodeTraces>
  <nodeTraces
      visualID="2025"
      queryText="(let _eClass_:ecore::EClass = modelFacet.metaClass.ecoreClass in _eClass_.ePackage.nsURI = 'http://www.opendds.org/modeling/schemas/Types/1.0' and _eClass_.name = 'LongLong') and (let _containmentMF_:ecore::EStructuralFeature = modelFacet.containmentMetaFeature.ecoreFeature in (let _eClass_:ecore::EClass = _containmentMF_.eContainingClass in _eClass_.ePackage.nsURI = 'http://www.opendds.org/modeling/schemas/OpenDDS/1.0' and _eClass_.name = 'DataLib') and _containmentMF_.name = 'types')">
    <nodeLabelTraces
        visualID="5026"
        queryText="true"/>
  </nodeTraces>
  <nodeTraces
      visualID="2026"
      queryText="(let _eClass_:ecore::EClass = modelFacet.metaClass.ecoreClass in _eClass_.ePackage.nsURI = 'http://www.opendds.org/modeling/schemas/Types/1.0' and _eClass_.name = 'Short') and (let _containmentMF_:ecore::EStructuralFeature = modelFacet.containmentMetaFeature.ecoreFeature in (let _eClass_:ecore::EClass = _containmentMF_.eContainingClass in _eClass_.ePackage.nsURI = 'http://www.opendds.org/modeling/schemas/OpenDDS/1.0' and _eClass_.name = 'DataLib') and _containmentMF_.name = 'types')">
    <nodeLabelTraces
        visualID="5027"
        queryText="true"/>
  </nodeTraces>
  <nodeTraces
      visualID="2027"
      queryText="(let _eClass_:ecore::EClass = modelFacet.metaClass.ecoreClass in _eClass_.ePackage.nsURI = 'http://www.opendds.org/modeling/schemas/Types/1.0' and _eClass_.name = 'ULong') and (let _containmentMF_:ecore::EStructuralFeature = modelFacet.containmentMetaFeature.ecoreFeature in (let _eClass_:ecore::EClass = _containmentMF_.eContainingClass in _eClass_.ePackage.nsURI = 'http://www.opendds.org/modeling/schemas/OpenDDS/1.0' and _eClass_.name = 'DataLib') and _containmentMF_.name = 'types')">
    <nodeLabelTraces
        visualID="5028"
        queryText="true"/>
  </nodeTraces>
  <nodeTraces
      visualID="2028"
      queryText="(let _eClass_:ecore::EClass = modelFacet.metaClass.ecoreClass in _eClass_.ePackage.nsURI = 'http://www.opendds.org/modeling/schemas/Types/1.0' and _eClass_.name = 'ULongLong') and (let _containmentMF_:ecore::EStructuralFeature = modelFacet.containmentMetaFeature.ecoreFeature in (let _eClass_:ecore::EClass = _containmentMF_.eContainingClass in _eClass_.ePackage.nsURI = 'http://www.opendds.org/modeling/schemas/OpenDDS/1.0' and _eClass_.name = 'DataLib') and _containmentMF_.name = 'types')">
    <nodeLabelTraces
        visualID="5029"
        queryText="true"/>
  </nodeTraces>
  <nodeTraces
      visualID="2029"
      queryText="(let _eClass_:ecore::EClass = modelFacet.metaClass.ecoreClass in _eClass_.ePackage.nsURI = 'http://www.opendds.org/modeling/schemas/Types/1.0' and _eClass_.name = 'UShort') and (let _containmentMF_:ecore::EStructuralFeature = modelFacet.containmentMetaFeature.ecoreFeature in (let _eClass_:ecore::EClass = _containmentMF_.eContainingClass in _eClass_.ePackage.nsURI = 'http://www.opendds.org/modeling/schemas/OpenDDS/1.0' and _eClass_.name = 'DataLib') and _containmentMF_.name = 'types')">
    <nodeLabelTraces
        visualID="5030"
        queryText="true"/>
  </nodeTraces>
  <nodeTraces
      visualID="2030"
      queryText="(let _eClass_:ecore::EClass = modelFacet.metaClass.ecoreClass in _eClass_.ePackage.nsURI = 'http://www.opendds.org/modeling/schemas/Types/1.0' and _eClass_.name = 'Double') and (let _containmentMF_:ecore::EStructuralFeature = modelFacet.containmentMetaFeature.ecoreFeature in (let _eClass_:ecore::EClass = _containmentMF_.eContainingClass in _eClass_.ePackage.nsURI = 'http://www.opendds.org/modeling/schemas/OpenDDS/1.0' and _eClass_.name = 'DataLib') and _containmentMF_.name = 'types')">
    <nodeLabelTraces
        visualID="5031"
        queryText="true"/>
  </nodeTraces>
  <nodeTraces
      visualID="2031"
      queryText="(let _eClass_:ecore::EClass = modelFacet.metaClass.ecoreClass in _eClass_.ePackage.nsURI = 'http://www.opendds.org/modeling/schemas/Types/1.0' and _eClass_.name = 'Float') and (let _containmentMF_:ecore::EStructuralFeature = modelFacet.containmentMetaFeature.ecoreFeature in (let _eClass_:ecore::EClass = _containmentMF_.eContainingClass in _eClass_.ePackage.nsURI = 'http://www.opendds.org/modeling/schemas/OpenDDS/1.0' and _eClass_.name = 'DataLib') and _containmentMF_.name = 'types')">
    <nodeLabelTraces
        visualID="5032"
        queryText="true"/>
  </nodeTraces>
  <nodeTraces
      visualID="2032"
      queryText="(let _eClass_:ecore::EClass = modelFacet.metaClass.ecoreClass in _eClass_.ePackage.nsURI = 'http://www.opendds.org/modeling/schemas/Types/1.0' and _eClass_.name = 'Char') and (let _containmentMF_:ecore::EStructuralFeature = modelFacet.containmentMetaFeature.ecoreFeature in (let _eClass_:ecore::EClass = _containmentMF_.eContainingClass in _eClass_.ePackage.nsURI = 'http://www.opendds.org/modeling/schemas/OpenDDS/1.0' and _eClass_.name = 'DataLib') and _containmentMF_.name = 'types')">
    <nodeLabelTraces
        visualID="5033"
        queryText="true"/>
  </nodeTraces>
  <nodeTraces
      visualID="2033"
      queryText="(let _eClass_:ecore::EClass = modelFacet.metaClass.ecoreClass in _eClass_.ePackage.nsURI = 'http://www.opendds.org/modeling/schemas/Types/1.0' and _eClass_.name = 'WChar') and (let _containmentMF_:ecore::EStructuralFeature = modelFacet.containmentMetaFeature.ecoreFeature in (let _eClass_:ecore::EClass = _containmentMF_.eContainingClass in _eClass_.ePackage.nsURI = 'http://www.opendds.org/modeling/schemas/OpenDDS/1.0' and _eClass_.name = 'DataLib') and _containmentMF_.name = 'types')">
    <nodeLabelTraces
        visualID="5034"
        queryText="true"/>
  </nodeTraces>
  <nodeTraces
      visualID="2034"
      queryText="(let _eClass_:ecore::EClass = modelFacet.metaClass.ecoreClass in _eClass_.ePackage.nsURI = 'http://www.opendds.org/modeling/schemas/Types/1.0' and _eClass_.name = 'Octet') and (let _containmentMF_:ecore::EStructuralFeature = modelFacet.containmentMetaFeature.ecoreFeature in (let _eClass_:ecore::EClass = _containmentMF_.eContainingClass in _eClass_.ePackage.nsURI = 'http://www.opendds.org/modeling/schemas/OpenDDS/1.0' and _eClass_.name = 'DataLib') and _containmentMF_.name = 'types')">
    <nodeLabelTraces
        visualID="5035"
        queryText="true"/>
  </nodeTraces>
  <nodeTraces
      visualID="2035"
      queryText="(let _eClass_:ecore::EClass = modelFacet.metaClass.ecoreClass in _eClass_.ePackage.nsURI = 'http://www.opendds.org/modeling/schemas/Types/1.0' and _eClass_.name = 'Boolean') and (let _containmentMF_:ecore::EStructuralFeature = modelFacet.containmentMetaFeature.ecoreFeature in (let _eClass_:ecore::EClass = _containmentMF_.eContainingClass in _eClass_.ePackage.nsURI = 'http://www.opendds.org/modeling/schemas/OpenDDS/1.0' and _eClass_.name = 'DataLib') and _containmentMF_.name = 'types')">
    <nodeLabelTraces
        visualID="5036"
        queryText="true"/>
  </nodeTraces>
  <nodeTraces
      visualID="2036"
      queryText="(let _eClass_:ecore::EClass = modelFacet.metaClass.ecoreClass in _eClass_.ePackage.nsURI = 'http://www.opendds.org/modeling/schemas/Types/1.0' and _eClass_.name = 'Sequence') and (let _containmentMF_:ecore::EStructuralFeature = modelFacet.containmentMetaFeature.ecoreFeature in (let _eClass_:ecore::EClass = _containmentMF_.eContainingClass in _eClass_.ePackage.nsURI = 'http://www.opendds.org/modeling/schemas/OpenDDS/1.0' and _eClass_.name = 'DataLib') and _containmentMF_.name = 'types')">
    <nodeLabelTraces
        visualID="5037"
        queryText="true"/>
    <nodeLabelTraces
        visualID="5038"
        queryText="true"/>
  </nodeTraces>
  <nodeTraces
      visualID="2037"
      queryText="(let _eClass_:ecore::EClass = modelFacet.metaClass.ecoreClass in _eClass_.ePackage.nsURI = 'http://www.opendds.org/modeling/schemas/Types/1.0' and _eClass_.name = 'String') and (let _containmentMF_:ecore::EStructuralFeature = modelFacet.containmentMetaFeature.ecoreFeature in (let _eClass_:ecore::EClass = _containmentMF_.eContainingClass in _eClass_.ePackage.nsURI = 'http://www.opendds.org/modeling/schemas/OpenDDS/1.0' and _eClass_.name = 'DataLib') and _containmentMF_.name = 'types')">
    <nodeLabelTraces
        visualID="5039"
        queryText="true"/>
    <nodeLabelTraces
        visualID="5040"
        queryText="true"/>
  </nodeTraces>
  <nodeTraces
      visualID="2038"
      queryText="(let _eClass_:ecore::EClass = modelFacet.metaClass.ecoreClass in _eClass_.ePackage.nsURI = 'http://www.opendds.org/modeling/schemas/Types/1.0' and _eClass_.name = 'WString') and (let _containmentMF_:ecore::EStructuralFeature = modelFacet.containmentMetaFeature.ecoreFeature in (let _eClass_:ecore::EClass = _containmentMF_.eContainingClass in _eClass_.ePackage.nsURI = 'http://www.opendds.org/modeling/schemas/OpenDDS/1.0' and _eClass_.name = 'DataLib') and _containmentMF_.name = 'types')">
    <nodeLabelTraces
        visualID="5041"
        queryText="true"/>
    <nodeLabelTraces
        visualID="5042"
        queryText="true"/>
  </nodeTraces>
  <nodeTraces
      visualID="2039"
      queryText="let _eClass_:ecore::EClass = modelFacet.metaClass.ecoreClass in _eClass_.ePackage.nsURI = 'http://www.opendds.org/modeling/schemas/Types/1.0' and _eClass_.name = 'Typedef'">
    <nodeLabelTraces
        visualID="5043"
        queryText="true"/>
    <nodeLabelTraces
        visualID="5044"
        queryText="true"/>
  </nodeTraces>
  <nodeTraces
      visualID="2042"
      queryText="(let _eClass_:ecore::EClass = modelFacet.metaClass.ecoreClass in _eClass_.ePackage.nsURI = 'http://www.opendds.org/modeling/schemas/Types/1.0' and _eClass_.name = 'Union') and (let _containmentMF_:ecore::EStructuralFeature = modelFacet.containmentMetaFeature.ecoreFeature in (let _eClass_:ecore::EClass = _containmentMF_.eContainingClass in _eClass_.ePackage.nsURI = 'http://www.opendds.org/modeling/schemas/OpenDDS/1.0' and _eClass_.name = 'DataLib') and _containmentMF_.name = 'types')">
    <nodeLabelTraces
        visualID="5048"
        queryText="true"/>
    <nodeLabelTraces
        visualID="5049"
        queryText="true"/>
  </nodeTraces>
  <nodeTraces
      visualID="2043"
      queryText="let _eClass_:ecore::EClass = modelFacet.metaClass.ecoreClass in _eClass_.ePackage.nsURI = 'http://www.opendds.org/modeling/schemas/Types/1.0' and _eClass_.name = 'Case'">
    <nodeLabelTraces
        visualID="5050"
        queryText="true"/>
    <nodeLabelTraces
        visualID="5051"
        queryText="true"/>
  </nodeTraces>
  <nodeTraces
      visualID="2044"
      queryText="let _eClass_:ecore::EClass = modelFacet.metaClass.ecoreClass in _eClass_.ePackage.nsURI = 'http://www.opendds.org/modeling/schemas/Types/1.0' and _eClass_.name = 'Branch'">
    <nodeLabelTraces
        visualID="5052"
        queryText="true"/>
  </nodeTraces>
  <nodeTraces
      visualID="2045"
      queryText="let _eClass_:ecore::EClass = modelFacet.metaClass.ecoreClass in _eClass_.ePackage.nsURI = 'http://www.opendds.org/modeling/schemas/Types/1.0' and _eClass_.name = 'Field'">
    <nodeLabelTraces
        visualID="5053"
        queryText="true"/>
    <nodeLabelTraces
        visualID="5054"
        queryText="true"/>
  </nodeTraces>
  <nodeTraces
      visualID="2046"
      queryText="(let _eClass_:ecore::EClass = modelFacet.metaClass.ecoreClass in _eClass_.ePackage.nsURI = 'http://www.opendds.org/modeling/schemas/Types/1.0' and _eClass_.name = 'Struct') and (let _containmentMF_:ecore::EStructuralFeature = modelFacet.containmentMetaFeature.ecoreFeature in (let _eClass_:ecore::EClass = _containmentMF_.eContainingClass in _eClass_.ePackage.nsURI = 'http://www.opendds.org/modeling/schemas/OpenDDS/1.0' and _eClass_.name = 'DataLib') and _containmentMF_.name = 'types')">
    <nodeLabelTraces
        visualID="5055"
        queryText="true"/>
    <nodeLabelTraces
        visualID="5056"
        queryText="true"/>
    <nodeLabelTraces
        visualID="5059"
        queryText="true"/>
  </nodeTraces>
  <nodeTraces
      visualID="2047"
      queryText="let _eClass_:ecore::EClass = modelFacet.metaClass.ecoreClass in _eClass_.ePackage.nsURI = 'http://www.opendds.org/modeling/schemas/Types/1.0' and _eClass_.name = 'Key'">
    <nodeLabelTraces
        visualID="5057"
        queryText="true"/>
    <nodeLabelTraces
        visualID="5058"
        queryText="true"/>
  </nodeTraces>
  <nodeTraces
      visualID="2048"
      queryText="(let _eClass_:ecore::EClass = modelFacet.metaClass.ecoreClass in _eClass_.ePackage.nsURI = 'http://www.opendds.org/modeling/schemas/Types/1.0' and _eClass_.name = 'Enum') and (let _containmentMF_:ecore::EStructuralFeature = modelFacet.containmentMetaFeature.ecoreFeature in (let _eClass_:ecore::EClass = _containmentMF_.eContainingClass in _eClass_.ePackage.nsURI = 'http://www.opendds.org/modeling/schemas/OpenDDS/1.0' and _eClass_.name = 'DataLib') and _containmentMF_.name = 'types')">
    <nodeLabelTraces
        visualID="5060"
        queryText="true"/>
    <nodeLabelTraces
        visualID="5061"
        queryText="true"/>
    <nodeLabelTraces
        visualID="5062"
        queryText="true"/>
  </nodeTraces>
  <linkTraces
      visualID="4002"
      queryText="modelFacet.oclIsKindOf(gmfgen::FeatureLinkModelFacet) and (let _feature_:ecore::EStructuralFeature = modelFacet.oclAsType(gmfgen::FeatureLinkModelFacet).metaFeature.ecoreFeature in (let _eClass_:ecore::EClass = _feature_.eContainingClass in _eClass_.ePackage.nsURI = 'http://www.opendds.org/modeling/schemas/Types/1.0' and _eClass_.name = 'Array') and _feature_.name = 'subtype')"/>
  <linkTraces
      visualID="4003"
      queryText="modelFacet.oclIsKindOf(gmfgen::FeatureLinkModelFacet) and (let _feature_:ecore::EStructuralFeature = modelFacet.oclAsType(gmfgen::FeatureLinkModelFacet).metaFeature.ecoreFeature in (let _eClass_:ecore::EClass = _feature_.eContainingClass in _eClass_.ePackage.nsURI = 'http://www.opendds.org/modeling/schemas/Types/1.0' and _eClass_.name = 'Sequence') and _feature_.name = 'subtype')"/>
  <linkTraces
      visualID="4004"
      queryText="modelFacet.oclIsKindOf(gmfgen::FeatureLinkModelFacet) and (let _feature_:ecore::EStructuralFeature = modelFacet.oclAsType(gmfgen::FeatureLinkModelFacet).metaFeature.ecoreFeature in (let _eClass_:ecore::EClass = _feature_.eContainingClass in _eClass_.ePackage.nsURI = 'http://www.opendds.org/modeling/schemas/Types/1.0' and _eClass_.name = 'Typedef') and _feature_.name = 'type')"/>
  <linkTraces
      visualID="4005"
      queryText="modelFacet.oclIsKindOf(gmfgen::FeatureLinkModelFacet) and (let _feature_:ecore::EStructuralFeature = modelFacet.oclAsType(gmfgen::FeatureLinkModelFacet).metaFeature.ecoreFeature in (let _eClass_:ecore::EClass = _feature_.eContainingClass in _eClass_.ePackage.nsURI = 'http://www.opendds.org/modeling/schemas/Types/1.0' and _eClass_.name = 'Branch') and _feature_.name = 'cases')">
    <linkLabelTraces
        visualID="6001"
        queryText="true"/>
  </linkTraces>
  <linkTraces
      visualID="4006"
      queryText="modelFacet.oclIsKindOf(gmfgen::FeatureLinkModelFacet) and (let _feature_:ecore::EStructuralFeature = modelFacet.oclAsType(gmfgen::FeatureLinkModelFacet).metaFeature.ecoreFeature in (let _eClass_:ecore::EClass = _feature_.eContainingClass in _eClass_.ePackage.nsURI = 'http://www.opendds.org/modeling/schemas/Types/1.0' and _eClass_.name = 'Branch') and _feature_.name = 'field')">
    <linkLabelTraces
        visualID="6002"
        queryText="true"/>
  </linkTraces>
  <linkTraces
      visualID="4007"
      queryText="modelFacet.oclIsKindOf(gmfgen::FeatureLinkModelFacet) and (let _feature_:ecore::EStructuralFeature = modelFacet.oclAsType(gmfgen::FeatureLinkModelFacet).metaFeature.ecoreFeature in (let _eClass_:ecore::EClass = _feature_.eContainingClass in _eClass_.ePackage.nsURI = 'http://www.opendds.org/modeling/schemas/Types/1.0' and _eClass_.name = 'Union') and _feature_.name = 'branches')">
    <linkLabelTraces
        visualID="6003"
        queryText="true"/>
  </linkTraces>
  <linkTraces
      visualID="4008"
      queryText="modelFacet.oclIsKindOf(gmfgen::FeatureLinkModelFacet) and (let _feature_:ecore::EStructuralFeature = modelFacet.oclAsType(gmfgen::FeatureLinkModelFacet).metaFeature.ecoreFeature in (let _eClass_:ecore::EClass = _feature_.eContainingClass in _eClass_.ePackage.nsURI = 'http://www.opendds.org/modeling/schemas/Types/1.0' and _eClass_.name = 'Union') and _feature_.name = 'default')">
    <linkLabelTraces
        visualID="6004"
        queryText="true"/>
  </linkTraces>
  <linkTraces
      visualID="4009"
      queryText="modelFacet.oclIsKindOf(gmfgen::FeatureLinkModelFacet) and (let _feature_:ecore::EStructuralFeature = modelFacet.oclAsType(gmfgen::FeatureLinkModelFacet).metaFeature.ecoreFeature in (let _eClass_:ecore::EClass = _feature_.eContainingClass in _eClass_.ePackage.nsURI = 'http://www.opendds.org/modeling/schemas/Types/1.0' and _eClass_.name = 'Union') and _feature_.name = 'switch')">
    <linkLabelTraces
        visualID="6005"
        queryText="true"/>
  </linkTraces>
  <linkTraces
      visualID="4010"
      queryText="modelFacet.oclIsKindOf(gmfgen::FeatureLinkModelFacet) and (let _feature_:ecore::EStructuralFeature = modelFacet.oclAsType(gmfgen::FeatureLinkModelFacet).metaFeature.ecoreFeature in (let _eClass_:ecore::EClass = _feature_.eContainingClass in _eClass_.ePackage.nsURI = 'http://www.opendds.org/modeling/schemas/Types/1.0' and _eClass_.name = 'Field') and _feature_.name = 'type')"/>
  <linkTraces
      visualID="4011"
      queryText="modelFacet.oclIsKindOf(gmfgen::FeatureLinkModelFacet) and (let _feature_:ecore::EStructuralFeature = modelFacet.oclAsType(gmfgen::FeatureLinkModelFacet).metaFeature.ecoreFeature in (let _eClass_:ecore::EClass = _feature_.eContainingClass in _eClass_.ePackage.nsURI = 'http://www.opendds.org/modeling/schemas/Types/1.0' and _eClass_.name = 'Struct') and _feature_.name = 'fields')">
    <linkLabelTraces
        visualID="6006"
        queryText="true"/>
  </linkTraces>
  <linkTraces
      visualID="4012"
      queryText="modelFacet.oclIsKindOf(gmfgen::FeatureLinkModelFacet) and (let _feature_:ecore::EStructuralFeature = modelFacet.oclAsType(gmfgen::FeatureLinkModelFacet).metaFeature.ecoreFeature in (let _eClass_:ecore::EClass = _feature_.eContainingClass in _eClass_.ePackage.nsURI = 'http://www.opendds.org/modeling/schemas/Types/1.0' and _eClass_.name = 'Struct') and _feature_.name = 'keys')">
    <linkLabelTraces
        visualID="6007"
        queryText="true"/>
  </linkTraces>
  <linkTraces
      visualID="4013"
      queryText="modelFacet.oclIsKindOf(gmfgen::FeatureLinkModelFacet) and (let _feature_:ecore::EStructuralFeature = modelFacet.oclAsType(gmfgen::FeatureLinkModelFacet).metaFeature.ecoreFeature in (let _eClass_:ecore::EClass = _feature_.eContainingClass in _eClass_.ePackage.nsURI = 'http://www.opendds.org/modeling/schemas/Types/1.0' and _eClass_.name = 'Key') and _feature_.name = 'field')"/>
</trace:TraceModel>
