<?xml version="1.0" encoding="UTF-8"?>
<trace:TraceModel xmi:version="2.0"
    xmlns:xmi="http://www.omg.org/XMI"
    xmlns:trace="http://www.eclipse.org/gmf/2006/Trace">
  <nodeTraces
      visualID="2001"
      queryText="(let _eClass_:ecore::EClass = modelFacet.metaClass.ecoreClass in _eClass_.ePackage.nsURI = 'http://www.opendds.org/modeling/schemas/OpenDDS/1.0' and _eClass_.name = 'domainParticipant') and (let _containmentMF_:ecore::EStructuralFeature = modelFacet.containmentMetaFeature.ecoreFeature in (let _eClass_:ecore::EClass = _containmentMF_.eContainingClass in _eClass_.ePackage.nsURI = 'http://www.opendds.org/modeling/schemas/OpenDDS/1.0' and _eClass_.name = 'DcpsLib') and _containmentMF_.name = 'participants')">
    <nodeLabelTraces
        visualID="5001"
        queryText="true"/>
    <nodeLabelTraces
        visualID="5004"
        queryText="true"/>
    <compartmentTraces
        visualID="7001"
        queryText="true"/>
    <compartmentTraces
        visualID="7008"
        queryText="true"/>
  </nodeTraces>
  <nodeTraces
      visualID="2002"
      queryText="(let _eClass_:ecore::EClass = modelFacet.metaClass.ecoreClass in _eClass_.ePackage.nsURI = 'http://www.opendds.org/modeling/schemas/OpenDDS/1.0' and _eClass_.name = 'domain') and (let _containmentMF_:ecore::EStructuralFeature = modelFacet.containmentMetaFeature.ecoreFeature in (let _eClass_:ecore::EClass = _containmentMF_.eContainingClass in _eClass_.ePackage.nsURI = 'http://www.opendds.org/modeling/schemas/OpenDDS/1.0' and _eClass_.name = 'DcpsLib') and _containmentMF_.name = 'domains')">
    <nodeLabelTraces
        visualID="5002"
        queryText="true"/>
    <nodeLabelTraces
        visualID="5005"
        queryText="true"/>
  </nodeTraces>
  <nodeTraces
      visualID="2003"
      queryText="(let _eClass_:ecore::EClass = modelFacet.metaClass.ecoreClass in _eClass_.ePackage.nsURI = 'http://www.opendds.org/modeling/schemas/OpenDDS/1.0' and _eClass_.name = 'topic') and (let _containmentMF_:ecore::EStructuralFeature = modelFacet.containmentMetaFeature.ecoreFeature in (let _eClass_:ecore::EClass = _containmentMF_.eContainingClass in _eClass_.ePackage.nsURI = 'http://www.opendds.org/modeling/schemas/OpenDDS/1.0' and _eClass_.name = 'DcpsLib') and _containmentMF_.name = 'topics')">
    <nodeLabelTraces
        visualID="5003"
        queryText="true"/>
    <nodeLabelTraces
        visualID="5012"
        queryText="true"/>
  </nodeTraces>
  <nodeTraces
      visualID="2004"
      queryText="(let _eClass_:ecore::EClass = modelFacet.metaClass.ecoreClass in _eClass_.ePackage.nsURI = 'http://www.opendds.org/modeling/schemas/OpenDDS/1.0' and _eClass_.name = 'deadlineQosPolicy') and (let _containmentMF_:ecore::EStructuralFeature = modelFacet.containmentMetaFeature.ecoreFeature in (let _eClass_:ecore::EClass = _containmentMF_.eContainingClass in _eClass_.ePackage.nsURI = 'http://www.opendds.org/modeling/schemas/OpenDDS/1.0' and _eClass_.name = 'DcpsLib') and _containmentMF_.name = 'policies')">
    <nodeLabelTraces
        visualID="5015"
        queryText="true"/>
    <nodeLabelTraces
        visualID="5016"
        queryText="true"/>
    <compartmentTraces
        visualID="7002"
        queryText="true"/>
  </nodeTraces>
  <nodeTraces
      visualID="2005"
      queryText="(let _eClass_:ecore::EClass = modelFacet.metaClass.ecoreClass in _eClass_.ePackage.nsURI = 'http://www.opendds.org/modeling/schemas/OpenDDS/1.0' and _eClass_.name = 'destinationOrderQosPolicy') and (let _containmentMF_:ecore::EStructuralFeature = modelFacet.containmentMetaFeature.ecoreFeature in (let _eClass_:ecore::EClass = _containmentMF_.eContainingClass in _eClass_.ePackage.nsURI = 'http://www.opendds.org/modeling/schemas/OpenDDS/1.0' and _eClass_.name = 'DcpsLib') and _containmentMF_.name = 'policies')">
    <nodeLabelTraces
        visualID="5017"
        queryText="true"/>
    <nodeLabelTraces
        visualID="5018"
        queryText="true"/>
    <nodeLabelTraces
        visualID="5019"
        queryText="true"/>
  </nodeTraces>
  <nodeTraces
      visualID="2006"
      queryText="(let _eClass_:ecore::EClass = modelFacet.metaClass.ecoreClass in _eClass_.ePackage.nsURI = 'http://www.opendds.org/modeling/schemas/OpenDDS/1.0' and _eClass_.name = 'dsQosPolicy') and (let _containmentMF_:ecore::EStructuralFeature = modelFacet.containmentMetaFeature.ecoreFeature in (let _eClass_:ecore::EClass = _containmentMF_.eContainingClass in _eClass_.ePackage.nsURI = 'http://www.opendds.org/modeling/schemas/OpenDDS/1.0' and _eClass_.name = 'DcpsLib') and _containmentMF_.name = 'policies')">
    <nodeLabelTraces
        visualID="5022"
        queryText="true"/>
    <nodeLabelTraces
        visualID="5023"
        queryText="true"/>
    <nodeLabelTraces
        visualID="5024"
        queryText="true"/>
    <nodeLabelTraces
        visualID="5025"
        queryText="true"/>
    <nodeLabelTraces
        visualID="5026"
        queryText="true"/>
    <nodeLabelTraces
        visualID="5027"
        queryText="true"/>
    <nodeLabelTraces
        visualID="5028"
        queryText="true"/>
    <compartmentTraces
        visualID="7003"
        queryText="true"/>
  </nodeTraces>
  <nodeTraces
      visualID="2007"
      queryText="(let _eClass_:ecore::EClass = modelFacet.metaClass.ecoreClass in _eClass_.ePackage.nsURI = 'http://www.opendds.org/modeling/schemas/OpenDDS/1.0' and _eClass_.name = 'durabilityQosPolicy') and (let _containmentMF_:ecore::EStructuralFeature = modelFacet.containmentMetaFeature.ecoreFeature in (let _eClass_:ecore::EClass = _containmentMF_.eContainingClass in _eClass_.ePackage.nsURI = 'http://www.opendds.org/modeling/schemas/OpenDDS/1.0' and _eClass_.name = 'DcpsLib') and _containmentMF_.name = 'policies')">
    <nodeLabelTraces
        visualID="5029"
        queryText="true"/>
    <nodeLabelTraces
        visualID="5030"
        queryText="true"/>
    <nodeLabelTraces
        visualID="5031"
        queryText="true"/>
  </nodeTraces>
  <nodeTraces
      visualID="2010"
      queryText="(let _eClass_:ecore::EClass = modelFacet.metaClass.ecoreClass in _eClass_.ePackage.nsURI = 'http://www.opendds.org/modeling/schemas/OpenDDS/1.0' and _eClass_.name = 'historyQosPolicy') and (let _containmentMF_:ecore::EStructuralFeature = modelFacet.containmentMetaFeature.ecoreFeature in (let _eClass_:ecore::EClass = _containmentMF_.eContainingClass in _eClass_.ePackage.nsURI = 'http://www.opendds.org/modeling/schemas/OpenDDS/1.0' and _eClass_.name = 'DcpsLib') and _containmentMF_.name = 'policies')">
    <nodeLabelTraces
        visualID="5038"
        queryText="true"/>
    <nodeLabelTraces
        visualID="5039"
        queryText="true"/>
    <nodeLabelTraces
        visualID="5040"
        queryText="true"/>
    <nodeLabelTraces
        visualID="5041"
        queryText="true"/>
  </nodeTraces>
  <nodeTraces
      visualID="2011"
      queryText="(let _eClass_:ecore::EClass = modelFacet.metaClass.ecoreClass in _eClass_.ePackage.nsURI = 'http://www.opendds.org/modeling/schemas/OpenDDS/1.0' and _eClass_.name = 'lbQosPolicy') and (let _containmentMF_:ecore::EStructuralFeature = modelFacet.containmentMetaFeature.ecoreFeature in (let _eClass_:ecore::EClass = _containmentMF_.eContainingClass in _eClass_.ePackage.nsURI = 'http://www.opendds.org/modeling/schemas/OpenDDS/1.0' and _eClass_.name = 'DcpsLib') and _containmentMF_.name = 'policies')">
    <nodeLabelTraces
        visualID="5044"
        queryText="true"/>
    <nodeLabelTraces
        visualID="5045"
        queryText="true"/>
    <compartmentTraces
        visualID="7004"
        queryText="true"/>
  </nodeTraces>
  <nodeTraces
      visualID="2012"
      queryText="(let _eClass_:ecore::EClass = modelFacet.metaClass.ecoreClass in _eClass_.ePackage.nsURI = 'http://www.opendds.org/modeling/schemas/OpenDDS/1.0' and _eClass_.name = 'lifespanQosPolicy') and (let _containmentMF_:ecore::EStructuralFeature = modelFacet.containmentMetaFeature.ecoreFeature in (let _eClass_:ecore::EClass = _containmentMF_.eContainingClass in _eClass_.ePackage.nsURI = 'http://www.opendds.org/modeling/schemas/OpenDDS/1.0' and _eClass_.name = 'DcpsLib') and _containmentMF_.name = 'policies')">
    <nodeLabelTraces
        visualID="5048"
        queryText="true"/>
    <nodeLabelTraces
        visualID="5049"
        queryText="true"/>
    <compartmentTraces
        visualID="7005"
        queryText="true"/>
  </nodeTraces>
  <nodeTraces
      visualID="2013"
      queryText="(let _eClass_:ecore::EClass = modelFacet.metaClass.ecoreClass in _eClass_.ePackage.nsURI = 'http://www.opendds.org/modeling/schemas/OpenDDS/1.0' and _eClass_.name = 'livelinessQosPolicy') and (let _containmentMF_:ecore::EStructuralFeature = modelFacet.containmentMetaFeature.ecoreFeature in (let _eClass_:ecore::EClass = _containmentMF_.eContainingClass in _eClass_.ePackage.nsURI = 'http://www.opendds.org/modeling/schemas/OpenDDS/1.0' and _eClass_.name = 'DcpsLib') and _containmentMF_.name = 'policies')">
    <nodeLabelTraces
        visualID="5052"
        queryText="true"/>
    <nodeLabelTraces
        visualID="5053"
        queryText="true"/>
    <nodeLabelTraces
        visualID="5054"
        queryText="true"/>
    <compartmentTraces
        visualID="7006"
        queryText="true"/>
  </nodeTraces>
  <nodeTraces
      visualID="2014"
      queryText="(let _eClass_:ecore::EClass = modelFacet.metaClass.ecoreClass in _eClass_.ePackage.nsURI = 'http://www.opendds.org/modeling/schemas/OpenDDS/1.0' and _eClass_.name = 'osQosPolicy') and (let _containmentMF_:ecore::EStructuralFeature = modelFacet.containmentMetaFeature.ecoreFeature in (let _eClass_:ecore::EClass = _containmentMF_.eContainingClass in _eClass_.ePackage.nsURI = 'http://www.opendds.org/modeling/schemas/OpenDDS/1.0' and _eClass_.name = 'DcpsLib') and _containmentMF_.name = 'policies')">
    <nodeLabelTraces
        visualID="5055"
        queryText="true"/>
    <nodeLabelTraces
        visualID="5056"
        queryText="true"/>
    <nodeLabelTraces
        visualID="5057"
        queryText="true"/>
  </nodeTraces>
  <nodeTraces
      visualID="2015"
      queryText="(let _eClass_:ecore::EClass = modelFacet.metaClass.ecoreClass in _eClass_.ePackage.nsURI = 'http://www.opendds.org/modeling/schemas/OpenDDS/1.0' and _eClass_.name = 'ownershipQosPolicy') and (let _containmentMF_:ecore::EStructuralFeature = modelFacet.containmentMetaFeature.ecoreFeature in (let _eClass_:ecore::EClass = _containmentMF_.eContainingClass in _eClass_.ePackage.nsURI = 'http://www.opendds.org/modeling/schemas/OpenDDS/1.0' and _eClass_.name = 'DcpsLib') and _containmentMF_.name = 'policies')">
    <nodeLabelTraces
        visualID="5058"
        queryText="true"/>
    <nodeLabelTraces
        visualID="5059"
        queryText="true"/>
    <nodeLabelTraces
        visualID="5060"
        queryText="true"/>
  </nodeTraces>
  <nodeTraces
      visualID="2018"
      queryText="(let _eClass_:ecore::EClass = modelFacet.metaClass.ecoreClass in _eClass_.ePackage.nsURI = 'http://www.opendds.org/modeling/schemas/OpenDDS/1.0' and _eClass_.name = 'rdlQosPolicy') and (let _containmentMF_:ecore::EStructuralFeature = modelFacet.containmentMetaFeature.ecoreFeature in (let _eClass_:ecore::EClass = _containmentMF_.eContainingClass in _eClass_.ePackage.nsURI = 'http://www.opendds.org/modeling/schemas/OpenDDS/1.0' and _eClass_.name = 'DcpsLib') and _containmentMF_.name = 'policies')">
    <nodeLabelTraces
        visualID="5068"
        queryText="true"/>
    <nodeLabelTraces
        visualID="5069"
        queryText="true"/>
    <nodeLabelTraces
        visualID="5070"
        queryText="true"/>
  </nodeTraces>
  <nodeTraces
      visualID="2019"
      queryText="(let _eClass_:ecore::EClass = modelFacet.metaClass.ecoreClass in _eClass_.ePackage.nsURI = 'http://www.opendds.org/modeling/schemas/OpenDDS/1.0' and _eClass_.name = 'reliabilityQosPolicy') and (let _containmentMF_:ecore::EStructuralFeature = modelFacet.containmentMetaFeature.ecoreFeature in (let _eClass_:ecore::EClass = _containmentMF_.eContainingClass in _eClass_.ePackage.nsURI = 'http://www.opendds.org/modeling/schemas/OpenDDS/1.0' and _eClass_.name = 'DcpsLib') and _containmentMF_.name = 'policies')">
    <nodeLabelTraces
        visualID="5073"
        queryText="true"/>
    <nodeLabelTraces
        visualID="5074"
        queryText="true"/>
    <nodeLabelTraces
        visualID="5075"
        queryText="true"/>
    <compartmentTraces
        visualID="7007"
        queryText="true"/>
  </nodeTraces>
  <nodeTraces
      visualID="2020"
      queryText="(let _eClass_:ecore::EClass = modelFacet.metaClass.ecoreClass in _eClass_.ePackage.nsURI = 'http://www.opendds.org/modeling/schemas/OpenDDS/1.0' and _eClass_.name = 'rlQosPolicy') and (let _containmentMF_:ecore::EStructuralFeature = modelFacet.containmentMetaFeature.ecoreFeature in (let _eClass_:ecore::EClass = _containmentMF_.eContainingClass in _eClass_.ePackage.nsURI = 'http://www.opendds.org/modeling/schemas/OpenDDS/1.0' and _eClass_.name = 'DcpsLib') and _containmentMF_.name = 'policies')">
    <nodeLabelTraces
        visualID="5076"
        queryText="true"/>
    <nodeLabelTraces
        visualID="5077"
        queryText="true"/>
    <nodeLabelTraces
        visualID="5078"
        queryText="true"/>
    <nodeLabelTraces
        visualID="5079"
        queryText="true"/>
    <nodeLabelTraces
        visualID="5080"
        queryText="true"/>
  </nodeTraces>
  <nodeTraces
      visualID="2021"
      queryText="(let _eClass_:ecore::EClass = modelFacet.metaClass.ecoreClass in _eClass_.ePackage.nsURI = 'http://www.opendds.org/modeling/schemas/OpenDDS/1.0' and _eClass_.name = 'tbfQosPolicy') and (let _containmentMF_:ecore::EStructuralFeature = modelFacet.containmentMetaFeature.ecoreFeature in (let _eClass_:ecore::EClass = _containmentMF_.eContainingClass in _eClass_.ePackage.nsURI = 'http://www.opendds.org/modeling/schemas/OpenDDS/1.0' and _eClass_.name = 'DcpsLib') and _containmentMF_.name = 'policies')">
    <nodeLabelTraces
        visualID="5081"
        queryText="true"/>
    <nodeLabelTraces
        visualID="5082"
        queryText="true"/>
    <nodeLabelTraces
        visualID="5083"
        queryText="true"/>
  </nodeTraces>
  <nodeTraces
      visualID="2022"
      queryText="(let _eClass_:ecore::EClass = modelFacet.metaClass.ecoreClass in _eClass_.ePackage.nsURI = 'http://www.opendds.org/modeling/schemas/OpenDDS/1.0' and _eClass_.name = 'tdQosPolicy') and (let _containmentMF_:ecore::EStructuralFeature = modelFacet.containmentMetaFeature.ecoreFeature in (let _eClass_:ecore::EClass = _containmentMF_.eContainingClass in _eClass_.ePackage.nsURI = 'http://www.opendds.org/modeling/schemas/OpenDDS/1.0' and _eClass_.name = 'DcpsLib') and _containmentMF_.name = 'policies')">
    <nodeLabelTraces
        visualID="5084"
        queryText="true"/>
    <nodeLabelTraces
        visualID="5085"
        queryText="true"/>
    <nodeLabelTraces
        visualID="5086"
        queryText="true"/>
  </nodeTraces>
  <nodeTraces
      visualID="2023"
      queryText="(let _eClass_:ecore::EClass = modelFacet.metaClass.ecoreClass in _eClass_.ePackage.nsURI = 'http://www.opendds.org/modeling/schemas/OpenDDS/1.0' and _eClass_.name = 'tpQosPolicy') and (let _containmentMF_:ecore::EStructuralFeature = modelFacet.containmentMetaFeature.ecoreFeature in (let _eClass_:ecore::EClass = _containmentMF_.eContainingClass in _eClass_.ePackage.nsURI = 'http://www.opendds.org/modeling/schemas/OpenDDS/1.0' and _eClass_.name = 'DcpsLib') and _containmentMF_.name = 'policies')">
    <nodeLabelTraces
        visualID="5087"
        queryText="true"/>
    <nodeLabelTraces
        visualID="5088"
        queryText="true"/>
    <nodeLabelTraces
        visualID="5089"
        queryText="true"/>
  </nodeTraces>
  <nodeTraces
      visualID="2025"
      queryText="(let _eClass_:ecore::EClass = modelFacet.metaClass.ecoreClass in _eClass_.ePackage.nsURI = 'http://www.opendds.org/modeling/schemas/OpenDDS/1.0' and _eClass_.name = 'wdlQosPolicy') and (let _containmentMF_:ecore::EStructuralFeature = modelFacet.containmentMetaFeature.ecoreFeature in (let _eClass_:ecore::EClass = _containmentMF_.eContainingClass in _eClass_.ePackage.nsURI = 'http://www.opendds.org/modeling/schemas/OpenDDS/1.0' and _eClass_.name = 'DcpsLib') and _containmentMF_.name = 'policies')">
    <nodeLabelTraces
        visualID="5093"
        queryText="true"/>
    <nodeLabelTraces
        visualID="5094"
        queryText="true"/>
    <nodeLabelTraces
        visualID="5095"
        queryText="true"/>
  </nodeTraces>
  <childNodeTraces
      visualID="3001"
      queryText="(let _eClass_:ecore::EClass = modelFacet.metaClass.ecoreClass in _eClass_.ePackage.nsURI = 'http://www.opendds.org/modeling/schemas/OpenDDS/1.0' and _eClass_.name = 'publisher') and (let _containmentMF_:ecore::EStructuralFeature = modelFacet.containmentMetaFeature.ecoreFeature in (let _eClass_:ecore::EClass = _containmentMF_.eContainingClass in _eClass_.ePackage.nsURI = 'http://www.opendds.org/modeling/schemas/DCPS/1.0' and _eClass_.name = 'DomainParticipant') and _containmentMF_.name = 'publishers')">
    <nodeLabelTraces
        visualID="5006"
        queryText="true"/>
    <nodeLabelTraces
        visualID="5007"
        queryText="true"/>
    <compartmentTraces
        visualID="7009"
        queryText="true"/>
  </childNodeTraces>
  <childNodeTraces
      visualID="3002"
      queryText="(let _eClass_:ecore::EClass = modelFacet.metaClass.ecoreClass in _eClass_.ePackage.nsURI = 'http://www.opendds.org/modeling/schemas/OpenDDS/1.0' and _eClass_.name = 'subscriber') and (let _containmentMF_:ecore::EStructuralFeature = modelFacet.containmentMetaFeature.ecoreFeature in (let _eClass_:ecore::EClass = _containmentMF_.eContainingClass in _eClass_.ePackage.nsURI = 'http://www.opendds.org/modeling/schemas/DCPS/1.0' and _eClass_.name = 'DomainParticipant') and _containmentMF_.name = 'subscribers')">
    <nodeLabelTraces
        visualID="5008"
        queryText="true"/>
    <nodeLabelTraces
        visualID="5009"
        queryText="true"/>
    <compartmentTraces
        visualID="7010"
        queryText="true"/>
  </childNodeTraces>
  <childNodeTraces
      visualID="3003"
      queryText="(let _eClass_:ecore::EClass = modelFacet.metaClass.ecoreClass in _eClass_.ePackage.nsURI = 'http://www.opendds.org/modeling/schemas/OpenDDS/1.0' and _eClass_.name = 'dataWriter') and (let _containmentMF_:ecore::EStructuralFeature = modelFacet.containmentMetaFeature.ecoreFeature in (let _eClass_:ecore::EClass = _containmentMF_.eContainingClass in _eClass_.ePackage.nsURI = 'http://www.opendds.org/modeling/schemas/DCPS/1.0' and _eClass_.name = 'Publisher') and _containmentMF_.name = 'writers')">
    <nodeLabelTraces
        visualID="5010"
        queryText="true"/>
  </childNodeTraces>
  <childNodeTraces
      visualID="3004"
      queryText="(let _eClass_:ecore::EClass = modelFacet.metaClass.ecoreClass in _eClass_.ePackage.nsURI = 'http://www.opendds.org/modeling/schemas/OpenDDS/1.0' and _eClass_.name = 'dataReader') and (let _containmentMF_:ecore::EStructuralFeature = modelFacet.containmentMetaFeature.ecoreFeature in (let _eClass_:ecore::EClass = _containmentMF_.eContainingClass in _eClass_.ePackage.nsURI = 'http://www.opendds.org/modeling/schemas/DCPS/1.0' and _eClass_.name = 'Subscriber') and _containmentMF_.name = 'readers')">
    <nodeLabelTraces
        visualID="5011"
        queryText="true"/>
  </childNodeTraces>
  <childNodeTraces
      visualID="3005"
      queryText="(let _eClass_:ecore::EClass = modelFacet.metaClass.ecoreClass in _eClass_.ePackage.nsURI = 'http://www.opendds.org/modeling/schemas/Enumerations/1.0' and _eClass_.name = 'Period') and (let _containmentMF_:ecore::EStructuralFeature = modelFacet.containmentMetaFeature.ecoreFeature in (let _eClass_:ecore::EClass = _containmentMF_.eContainingClass in _eClass_.ePackage.nsURI = 'http://www.opendds.org/modeling/schemas/QoS/1.0' and _eClass_.name = 'DeadlineQosPolicy') and _containmentMF_.name = 'period')">
    <nodeLabelTraces
        visualID="5013"
        queryText="true"/>
    <nodeLabelTraces
        visualID="5014"
        queryText="true"/>
  </childNodeTraces>
  <childNodeTraces
      visualID="3006"
      queryText="(let _eClass_:ecore::EClass = modelFacet.metaClass.ecoreClass in _eClass_.ePackage.nsURI = 'http://www.opendds.org/modeling/schemas/Enumerations/1.0' and _eClass_.name = 'Period') and (let _containmentMF_:ecore::EStructuralFeature = modelFacet.containmentMetaFeature.ecoreFeature in (let _eClass_:ecore::EClass = _containmentMF_.eContainingClass in _eClass_.ePackage.nsURI = 'http://www.opendds.org/modeling/schemas/QoS/1.0' and _eClass_.name = 'DurabilityServiceQosPolicy') and _containmentMF_.name = 'service_cleanup_delay')">
    <nodeLabelTraces
        visualID="5020"
        queryText="true"/>
    <nodeLabelTraces
        visualID="5021"
        queryText="true"/>
  </childNodeTraces>
  <childNodeTraces
      visualID="3007"
      queryText="(let _eClass_:ecore::EClass = modelFacet.metaClass.ecoreClass in _eClass_.ePackage.nsURI = 'http://www.opendds.org/modeling/schemas/Enumerations/1.0' and _eClass_.name = 'Period') and (let _containmentMF_:ecore::EStructuralFeature = modelFacet.containmentMetaFeature.ecoreFeature in (let _eClass_:ecore::EClass = _containmentMF_.eContainingClass in _eClass_.ePackage.nsURI = 'http://www.opendds.org/modeling/schemas/QoS/1.0' and _eClass_.name = 'LatencyBudgetQosPolicy') and _containmentMF_.name = 'duration')">
    <nodeLabelTraces
        visualID="5042"
        queryText="true"/>
    <nodeLabelTraces
        visualID="5043"
        queryText="true"/>
  </childNodeTraces>
  <childNodeTraces
      visualID="3008"
      queryText="(let _eClass_:ecore::EClass = modelFacet.metaClass.ecoreClass in _eClass_.ePackage.nsURI = 'http://www.opendds.org/modeling/schemas/Enumerations/1.0' and _eClass_.name = 'Period') and (let _containmentMF_:ecore::EStructuralFeature = modelFacet.containmentMetaFeature.ecoreFeature in (let _eClass_:ecore::EClass = _containmentMF_.eContainingClass in _eClass_.ePackage.nsURI = 'http://www.opendds.org/modeling/schemas/QoS/1.0' and _eClass_.name = 'LifespanQosPolicy') and _containmentMF_.name = 'duration')">
    <nodeLabelTraces
        visualID="5046"
        queryText="true"/>
    <nodeLabelTraces
        visualID="5047"
        queryText="true"/>
  </childNodeTraces>
  <childNodeTraces
      visualID="3009"
      queryText="(let _eClass_:ecore::EClass = modelFacet.metaClass.ecoreClass in _eClass_.ePackage.nsURI = 'http://www.opendds.org/modeling/schemas/Enumerations/1.0' and _eClass_.name = 'Period') and (let _containmentMF_:ecore::EStructuralFeature = modelFacet.containmentMetaFeature.ecoreFeature in (let _eClass_:ecore::EClass = _containmentMF_.eContainingClass in _eClass_.ePackage.nsURI = 'http://www.opendds.org/modeling/schemas/QoS/1.0' and _eClass_.name = 'LivelinessQosPolicy') and _containmentMF_.name = 'lease_duration')">
    <nodeLabelTraces
        visualID="5050"
        queryText="true"/>
    <nodeLabelTraces
        visualID="5051"
        queryText="true"/>
  </childNodeTraces>
  <childNodeTraces
      visualID="3010"
      queryText="(let _eClass_:ecore::EClass = modelFacet.metaClass.ecoreClass in _eClass_.ePackage.nsURI = 'http://www.opendds.org/modeling/schemas/Enumerations/1.0' and _eClass_.name = 'Period') and (let _containmentMF_:ecore::EStructuralFeature = modelFacet.containmentMetaFeature.ecoreFeature in (let _eClass_:ecore::EClass = _containmentMF_.eContainingClass in _eClass_.ePackage.nsURI = 'http://www.opendds.org/modeling/schemas/QoS/1.0' and _eClass_.name = 'ReliabilityQosPolicy') and _containmentMF_.name = 'max_blocking_time')">
    <nodeLabelTraces
        visualID="5071"
        queryText="true"/>
    <nodeLabelTraces
        visualID="5072"
        queryText="true"/>
  </childNodeTraces>
  <childNodeTraces
      visualID="3012"
      queryText="(let _eClass_:ecore::EClass = modelFacet.metaClass.ecoreClass in _eClass_.ePackage.nsURI = 'http://www.opendds.org/modeling/schemas/OpenDDS/1.0' and _eClass_.name = 'efQosPolicy') and (let _containmentMF_:ecore::EStructuralFeature = modelFacet.containmentMetaFeature.ecoreFeature in (let _eClass_:ecore::EClass = _containmentMF_.eContainingClass in _eClass_.ePackage.nsURI = 'http://www.opendds.org/modeling/schemas/OpenDDS/1.0' and _eClass_.name = 'DcpsLib') and _containmentMF_.name = 'policies')">
    <nodeLabelTraces
        visualID="5099"
        queryText="true"/>
    <nodeLabelTraces
        visualID="5100"
        queryText="true"/>
    <nodeLabelTraces
        visualID="5101"
        queryText="true"/>
  </childNodeTraces>
  <childNodeTraces
      visualID="3013"
      queryText="(let _eClass_:ecore::EClass = modelFacet.metaClass.ecoreClass in _eClass_.ePackage.nsURI = 'http://www.opendds.org/modeling/schemas/OpenDDS/1.0' and _eClass_.name = 'udQosPolicy') and (let _containmentMF_:ecore::EStructuralFeature = modelFacet.containmentMetaFeature.ecoreFeature in (let _eClass_:ecore::EClass = _containmentMF_.eContainingClass in _eClass_.ePackage.nsURI = 'http://www.opendds.org/modeling/schemas/OpenDDS/1.0' and _eClass_.name = 'DcpsLib') and _containmentMF_.name = 'policies')">
    <nodeLabelTraces
        visualID="5102"
        queryText="true"/>
    <nodeLabelTraces
        visualID="5103"
        queryText="true"/>
    <nodeLabelTraces
        visualID="5104"
        queryText="true"/>
  </childNodeTraces>
  <childNodeTraces
      visualID="3014"
      queryText="(let _eClass_:ecore::EClass = modelFacet.metaClass.ecoreClass in _eClass_.ePackage.nsURI = 'http://www.opendds.org/modeling/schemas/OpenDDS/1.0' and _eClass_.name = 'gdQosPolicy') and (let _containmentMF_:ecore::EStructuralFeature = modelFacet.containmentMetaFeature.ecoreFeature in (let _eClass_:ecore::EClass = _containmentMF_.eContainingClass in _eClass_.ePackage.nsURI = 'http://www.opendds.org/modeling/schemas/OpenDDS/1.0' and _eClass_.name = 'DcpsLib') and _containmentMF_.name = 'policies')">
    <nodeLabelTraces
        visualID="5105"
        queryText="true"/>
    <nodeLabelTraces
        visualID="5106"
        queryText="true"/>
    <nodeLabelTraces
        visualID="5107"
        queryText="true"/>
  </childNodeTraces>
  <childNodeTraces
      visualID="3015"
      queryText="(let _eClass_:ecore::EClass = modelFacet.metaClass.ecoreClass in _eClass_.ePackage.nsURI = 'http://www.opendds.org/modeling/schemas/OpenDDS/1.0' and _eClass_.name = 'partitionQosPolicy') and (let _containmentMF_:ecore::EStructuralFeature = modelFacet.containmentMetaFeature.ecoreFeature in (let _eClass_:ecore::EClass = _containmentMF_.eContainingClass in _eClass_.ePackage.nsURI = 'http://www.opendds.org/modeling/schemas/OpenDDS/1.0' and _eClass_.name = 'DcpsLib') and _containmentMF_.name = 'policies')">
    <nodeLabelTraces
        visualID="5108"
        queryText="true"/>
    <nodeLabelTraces
        visualID="5109"
        queryText="true"/>
  </childNodeTraces>
  <childNodeTraces
      visualID="3016"
      queryText="(let _eClass_:ecore::EClass = modelFacet.metaClass.ecoreClass in _eClass_.ePackage.nsURI = 'http://www.opendds.org/modeling/schemas/OpenDDS/1.0' and _eClass_.name = 'presentationQosPolicy') and (let _containmentMF_:ecore::EStructuralFeature = modelFacet.containmentMetaFeature.ecoreFeature in (let _eClass_:ecore::EClass = _containmentMF_.eContainingClass in _eClass_.ePackage.nsURI = 'http://www.opendds.org/modeling/schemas/OpenDDS/1.0' and _eClass_.name = 'DcpsLib') and _containmentMF_.name = 'policies')">
    <nodeLabelTraces
        visualID="5110"
        queryText="true"/>
    <nodeLabelTraces
        visualID="5111"
        queryText="true"/>
    <nodeLabelTraces
        visualID="5112"
        queryText="true"/>
    <nodeLabelTraces
        visualID="5113"
        queryText="true"/>
    <nodeLabelTraces
        visualID="5114"
        queryText="true"/>
  </childNodeTraces>
  <linkTraces
      visualID="4001"
      queryText="modelFacet.oclIsKindOf(gmfgen::TypeLinkModelFacet) and (let _eClass_:ecore::EClass = modelFacet.oclAsType(gmfgen::TypeLinkModelFacet).metaClass.ecoreClass in _eClass_.ePackage.nsURI = 'http://www.opendds.org/modeling/schemas/OpenDDS/1.0' and _eClass_.name = 'dataReader')"/>
  <linkTraces
      visualID="4002"
      queryText="modelFacet.oclIsKindOf(gmfgen::TypeLinkModelFacet) and (let _eClass_:ecore::EClass = modelFacet.oclAsType(gmfgen::TypeLinkModelFacet).metaClass.ecoreClass in _eClass_.ePackage.nsURI = 'http://www.opendds.org/modeling/schemas/OpenDDS/1.0' and _eClass_.name = 'dataWriter')"/>
</trace:TraceModel>
